<?xml version="1.0" encoding="UTF-8"?>
<testsuite name="io.grpc.testing.integration.Http2NettyLocalChannelTest" tests="13" skipped="0" failures="2" errors="0" timestamp="2015-03-23T00:36:39" hostname="ip-172-31-3-252" time="26.208">
  <properties/>
  <testcase name="exchangeContextUnaryCall" classname="io.grpc.testing.integration.Http2NettyLocalChannelTest" time="1.57"/>
  <testcase name="emptyUnary" classname="io.grpc.testing.integration.Http2NettyLocalChannelTest" time="0.017"/>
  <testcase name="pingPong" classname="io.grpc.testing.integration.Http2NettyLocalChannelTest" time="0.427"/>
  <testcase name="clientStreaming" classname="io.grpc.testing.integration.Http2NettyLocalChannelTest" time="0.022"/>
  <testcase name="fullDuplexCallShouldSucceed" classname="io.grpc.testing.integration.Http2NettyLocalChannelTest" time="0.028"/>
  <testcase name="serverStreaming" classname="io.grpc.testing.integration.Http2NettyLocalChannelTest" time="10.015">
    <failure message="java.lang.Exception: test timed out after 10000 milliseconds" type="java.lang.Exception">java.lang.Exception: test timed out after 10000 milliseconds
	at sun.misc.Unsafe.park(Native Method)
	at java.util.concurrent.locks.LockSupport.park(LockSupport.java:175)
	at java.util.concurrent.locks.AbstractQueuedSynchronizer.parkAndCheckInterrupt(AbstractQueuedSynchronizer.java:836)
	at java.util.concurrent.locks.AbstractQueuedSynchronizer.doAcquireSharedInterruptibly(AbstractQueuedSynchronizer.java:997)
	at java.util.concurrent.locks.AbstractQueuedSynchronizer.acquireSharedInterruptibly(AbstractQueuedSynchronizer.java:1304)
	at java.util.concurrent.CountDownLatch.await(CountDownLatch.java:231)
	at io.grpc.stub.StreamRecorder.awaitCompletion(StreamRecorder.java:98)
	at io.grpc.testing.integration.AbstractTransportTest.serverStreaming(AbstractTransportTest.java:194)
	at sun.reflect.NativeMethodAccessorImpl.invoke0(Native Method)
	at sun.reflect.NativeMethodAccessorImpl.invoke(NativeMethodAccessorImpl.java:62)
	at sun.reflect.DelegatingMethodAccessorImpl.invoke(DelegatingMethodAccessorImpl.java:43)
	at java.lang.reflect.Method.invoke(Method.java:497)
	at org.junit.runners.model.FrameworkMethod$1.runReflectiveCall(FrameworkMethod.java:47)
	at org.junit.internal.runners.model.ReflectiveCallable.run(ReflectiveCallable.java:12)
	at org.junit.runners.model.FrameworkMethod.invokeExplosively(FrameworkMethod.java:44)
	at org.junit.internal.runners.statements.InvokeMethod.evaluate(InvokeMethod.java:17)
	at org.junit.internal.runners.statements.FailOnTimeout$StatementThread.run(FailOnTimeout.java:74)
</failure>
  </testcase>
  <testcase name="cancelAfterFirstResponse" classname="io.grpc.testing.integration.Http2NettyLocalChannelTest" time="0.033"/>
  <testcase name="cancelAfterBegin" classname="io.grpc.testing.integration.Http2NettyLocalChannelTest" time="0.01"/>
  <testcase name="emptyStream" classname="io.grpc.testing.integration.Http2NettyLocalChannelTest" time="0.005"/>
  <testcase name="streamingOutputShouldBeFlowControlled" classname="io.grpc.testing.integration.Http2NettyLocalChannelTest" time="4.02"/>
  <testcase name="halfDuplexCallShouldSucceed" classname="io.grpc.testing.integration.Http2NettyLocalChannelTest" time="0.027"/>
  <testcase name="exchangeContextStreamingCall" classname="io.grpc.testing.integration.Http2NettyLocalChannelTest" time="0.025"/>
  <testcase name="largeUnary" classname="io.grpc.testing.integration.Http2NettyLocalChannelTest" time="10.007">
    <failure message="java.lang.Exception: test timed out after 10000 milliseconds" type="java.lang.Exception">java.lang.Exception: test timed out after 10000 milliseconds
	at sun.misc.Unsafe.park(Native Method)
	at java.util.concurrent.locks.LockSupport.park(LockSupport.java:175)
	at java.util.concurrent.locks.AbstractQueuedSynchronizer.parkAndCheckInterrupt(AbstractQueuedSynchronizer.java:836)
	at java.util.concurrent.locks.AbstractQueuedSynchronizer.doAcquireSharedInterruptibly(AbstractQueuedSynchronizer.java:997)
	at java.util.concurrent.locks.AbstractQueuedSynchronizer.acquireSharedInterruptibly(AbstractQueuedSynchronizer.java:1304)
	at com.google.common.util.concurrent.AbstractFuture$Sync.get(AbstractFuture.java:285)
	at com.google.common.util.concurrent.AbstractFuture.get(AbstractFuture.java:116)
	at io.grpc.stub.Calls.getUnchecked(Calls.java:106)
	at io.grpc.stub.Calls.blockingUnaryCall(Calls.java:130)
	at io.grpc.testing.integration.TestServiceGrpc$TestServiceBlockingStub.unaryCall(TestServiceGrpc.java:263)
	at io.grpc.testing.integration.AbstractTransportTest.largeUnary(AbstractTransportTest.java:154)
	at sun.reflect.NativeMethodAccessorImpl.invoke0(Native Method)
	at sun.reflect.NativeMethodAccessorImpl.invoke(NativeMethodAccessorImpl.java:62)
	at sun.reflect.DelegatingMethodAccessorImpl.invoke(DelegatingMethodAccessorImpl.java:43)
	at java.lang.reflect.Method.invoke(Method.java:497)
	at org.junit.runners.model.FrameworkMethod$1.runReflectiveCall(FrameworkMethod.java:47)
	at org.junit.internal.runners.model.ReflectiveCallable.run(ReflectiveCallable.java:12)
	at org.junit.runners.model.FrameworkMethod.invokeExplosively(FrameworkMethod.java:44)
	at org.junit.internal.runners.statements.InvokeMethod.evaluate(InvokeMethod.java:17)
	at org.junit.internal.runners.statements.FailOnTimeout$StatementThread.run(FailOnTimeout.java:74)
</failure>
  </testcase>
  <system-out><![CDATA[]]></system-out>
  <system-err><![CDATA[Mar 23, 2015 12:36:39 AM io.netty.channel.DefaultChannelId defaultMachineId
WARNING: Failed to find a usable hardware address from the network interfaces; using random bytes: 3f:b0:86:5e:b3:db:ca:b8
Mar 23, 2015 12:36:41 AM io.grpc.transport.netty.NettyServerHandler onStreamError
WARNING: Stream Error
io.netty.handler.codec.http2.Http2Exception$StreamException: Stream closed before write could take place
	at io.netty.handler.codec.http2.Http2Exception.streamError(Http2Exception.java:88)
	at io.netty.handler.codec.http2.DefaultHttp2RemoteFlowController$FlowState.clear(DefaultHttp2RemoteFlowController.java:431)
	at io.netty.handler.codec.http2.DefaultHttp2RemoteFlowController$2.streamInactive(DefaultHttp2RemoteFlowController.java:78)
	at io.netty.handler.codec.http2.DefaultHttp2Connection.deactivateInternal(DefaultHttp2Connection.java:222)
	at io.netty.handler.codec.http2.DefaultHttp2Connection.access$700(DefaultHttp2Connection.java:52)
	at io.netty.handler.codec.http2.DefaultHttp2Connection$DefaultStream.close(DefaultHttp2Connection.java:402)
	at io.netty.handler.codec.http2.Http2ConnectionHandler.closeStream(Http2ConnectionHandler.java:299)
	at io.netty.handler.codec.http2.Http2ConnectionHandler.closeLocalSide(Http2ConnectionHandler.java:265)
	at io.netty.handler.codec.http2.DefaultHttp2ConnectionEncoder.writeHeaders(DefaultHttp2ConnectionEncoder.java:223)
	at io.netty.handler.codec.http2.DefaultHttp2ConnectionEncoder.writeHeaders(DefaultHttp2ConnectionEncoder.java:187)
	at io.grpc.transport.netty.NettyServerHandler.sendResponseHeaders(NettyServerHandler.java:280)
	at io.grpc.transport.netty.NettyServerHandler.write(NettyServerHandler.java:227)
	at io.netty.channel.ChannelHandlerInvokerUtil.invokeWriteNow(ChannelHandlerInvokerUtil.java:158)
	at io.netty.channel.DefaultChannelHandlerInvoker$WriteTask.run(DefaultChannelHandlerInvoker.java:440)
	at io.netty.util.concurrent.SingleThreadEventExecutor.runAllTasks(SingleThreadEventExecutor.java:322)
	at io.netty.channel.nio.NioEventLoop.run(NioEventLoop.java:356)
	at io.netty.util.concurrent.SingleThreadEventExecutor$4.run(SingleThreadEventExecutor.java:703)
	at java.util.concurrent.ThreadPoolExecutor.runWorker(ThreadPoolExecutor.java:1142)
	at java.util.concurrent.ThreadPoolExecutor$Worker.run(ThreadPoolExecutor.java:617)
	at java.lang.Thread.run(Thread.java:745)

Mar 23, 2015 12:36:41 AM io.grpc.transport.netty.NettyServerHandler onStreamError
WARNING: Stream Error
io.netty.handler.codec.http2.Http2Exception$StreamException: Stream closed before write could take place
	at io.netty.handler.codec.http2.Http2Exception.streamError(Http2Exception.java:88)
	at io.netty.handler.codec.http2.DefaultHttp2RemoteFlowController$FlowState.clear(DefaultHttp2RemoteFlowController.java:431)
	at io.netty.handler.codec.http2.DefaultHttp2RemoteFlowController$2.streamInactive(DefaultHttp2RemoteFlowController.java:78)
	at io.netty.handler.codec.http2.DefaultHttp2Connection.deactivateInternal(DefaultHttp2Connection.java:222)
	at io.netty.handler.codec.http2.DefaultHttp2Connection.access$700(DefaultHttp2Connection.java:52)
	at io.netty.handler.codec.http2.DefaultHttp2Connection$DefaultStream.close(DefaultHttp2Connection.java:402)
	at io.netty.handler.codec.http2.Http2ConnectionHandler.closeStream(Http2ConnectionHandler.java:299)
	at io.netty.handler.codec.http2.Http2ConnectionHandler.closeLocalSide(Http2ConnectionHandler.java:265)
	at io.netty.handler.codec.http2.DefaultHttp2ConnectionEncoder.writeHeaders(DefaultHttp2ConnectionEncoder.java:223)
	at io.netty.handler.codec.http2.DefaultHttp2ConnectionEncoder.writeHeaders(DefaultHttp2ConnectionEncoder.java:187)
	at io.grpc.transport.netty.NettyServerHandler.sendResponseHeaders(NettyServerHandler.java:280)
	at io.grpc.transport.netty.NettyServerHandler.write(NettyServerHandler.java:227)
	at io.netty.channel.ChannelHandlerInvokerUtil.invokeWriteNow(ChannelHandlerInvokerUtil.java:158)
	at io.netty.channel.DefaultChannelHandlerInvoker$WriteTask.run(DefaultChannelHandlerInvoker.java:440)
	at io.netty.util.concurrent.SingleThreadEventExecutor.runAllTasks(SingleThreadEventExecutor.java:322)
	at io.netty.channel.nio.NioEventLoop.run(NioEventLoop.java:356)
	at io.netty.util.concurrent.SingleThreadEventExecutor$4.run(SingleThreadEventExecutor.java:703)
	at java.util.concurrent.ThreadPoolExecutor.runWorker(ThreadPoolExecutor.java:1142)
	at java.util.concurrent.ThreadPoolExecutor$Worker.run(ThreadPoolExecutor.java:617)
	at java.lang.Thread.run(Thread.java:745)

Mar 23, 2015 12:36:41 AM io.grpc.transport.netty.NettyServerHandler onStreamError
WARNING: Stream Error
io.netty.handler.codec.http2.Http2Exception$StreamException: Stream closed before write could take place
	at io.netty.handler.codec.http2.Http2Exception.streamError(Http2Exception.java:88)
	at io.netty.handler.codec.http2.DefaultHttp2RemoteFlowController$FlowState.clear(DefaultHttp2RemoteFlowController.java:431)
	at io.netty.handler.codec.http2.DefaultHttp2RemoteFlowController$2.streamInactive(DefaultHttp2RemoteFlowController.java:78)
	at io.netty.handler.codec.http2.DefaultHttp2Connection.deactivateInternal(DefaultHttp2Connection.java:222)
	at io.netty.handler.codec.http2.DefaultHttp2Connection.access$700(DefaultHttp2Connection.java:52)
	at io.netty.handler.codec.http2.DefaultHttp2Connection$DefaultStream.close(DefaultHttp2Connection.java:402)
	at io.netty.handler.codec.http2.Http2ConnectionHandler.closeStream(Http2ConnectionHandler.java:299)
	at io.netty.handler.codec.http2.Http2ConnectionHandler.closeLocalSide(Http2ConnectionHandler.java:265)
	at io.netty.handler.codec.http2.DefaultHttp2ConnectionEncoder.writeHeaders(DefaultHttp2ConnectionEncoder.java:223)
	at io.netty.handler.codec.http2.DefaultHttp2ConnectionEncoder.writeHeaders(DefaultHttp2ConnectionEncoder.java:187)
	at io.grpc.transport.netty.NettyServerHandler.sendResponseHeaders(NettyServerHandler.java:280)
	at io.grpc.transport.netty.NettyServerHandler.write(NettyServerHandler.java:227)
	at io.netty.channel.ChannelHandlerInvokerUtil.invokeWriteNow(ChannelHandlerInvokerUtil.java:158)
	at io.netty.channel.DefaultChannelHandlerInvoker$WriteTask.run(DefaultChannelHandlerInvoker.java:440)
	at io.netty.util.concurrent.SingleThreadEventExecutor.runAllTasks(SingleThreadEventExecutor.java:322)
	at io.netty.channel.nio.NioEventLoop.run(NioEventLoop.java:356)
	at io.netty.util.concurrent.SingleThreadEventExecutor$4.run(SingleThreadEventExecutor.java:703)
	at java.util.concurrent.ThreadPoolExecutor.runWorker(ThreadPoolExecutor.java:1142)
	at java.util.concurrent.ThreadPoolExecutor$Worker.run(ThreadPoolExecutor.java:617)
	at java.lang.Thread.run(Thread.java:745)

Mar 23, 2015 12:36:41 AM io.grpc.transport.netty.NettyServerHandler onStreamError
WARNING: Stream Error
io.netty.handler.codec.http2.Http2Exception$StreamException: Stream closed before write could take place
	at io.netty.handler.codec.http2.Http2Exception.streamError(Http2Exception.java:88)
	at io.netty.handler.codec.http2.DefaultHttp2RemoteFlowController$FlowState.clear(DefaultHttp2RemoteFlowController.java:431)
	at io.netty.handler.codec.http2.DefaultHttp2RemoteFlowController$2.streamInactive(DefaultHttp2RemoteFlowController.java:78)
	at io.netty.handler.codec.http2.DefaultHttp2Connection.deactivateInternal(DefaultHttp2Connection.java:222)
	at io.netty.handler.codec.http2.DefaultHttp2Connection.access$700(DefaultHttp2Connection.java:52)
	at io.netty.handler.codec.http2.DefaultHttp2Connection$DefaultStream.close(DefaultHttp2Connection.java:402)
	at io.netty.handler.codec.http2.Http2ConnectionHandler.closeStream(Http2ConnectionHandler.java:299)
	at io.netty.handler.codec.http2.Http2ConnectionHandler.closeLocalSide(Http2ConnectionHandler.java:265)
	at io.netty.handler.codec.http2.DefaultHttp2ConnectionEncoder.writeHeaders(DefaultHttp2ConnectionEncoder.java:223)
	at io.netty.handler.codec.http2.DefaultHttp2ConnectionEncoder.writeHeaders(DefaultHttp2ConnectionEncoder.java:187)
	at io.grpc.transport.netty.NettyServerHandler.sendResponseHeaders(NettyServerHandler.java:280)
	at io.grpc.transport.netty.NettyServerHandler.write(NettyServerHandler.java:227)
	at io.netty.channel.ChannelHandlerInvokerUtil.invokeWriteNow(ChannelHandlerInvokerUtil.java:158)
	at io.netty.channel.DefaultChannelHandlerInvoker$WriteTask.run(DefaultChannelHandlerInvoker.java:440)
	at io.netty.util.concurrent.SingleThreadEventExecutor.runAllTasks(SingleThreadEventExecutor.java:322)
	at io.netty.channel.nio.NioEventLoop.run(NioEventLoop.java:356)
	at io.netty.util.concurrent.SingleThreadEventExecutor$4.run(SingleThreadEventExecutor.java:703)
	at java.util.concurrent.ThreadPoolExecutor.runWorker(ThreadPoolExecutor.java:1142)
	at java.util.concurrent.ThreadPoolExecutor$Worker.run(ThreadPoolExecutor.java:617)
	at java.lang.Thread.run(Thread.java:745)

Mar 23, 2015 12:36:41 AM io.grpc.transport.netty.NettyServerHandler onStreamError
WARNING: Stream Error
io.netty.handler.codec.http2.Http2Exception$StreamException: Stream closed before write could take place
	at io.netty.handler.codec.http2.Http2Exception.streamError(Http2Exception.java:88)
	at io.netty.handler.codec.http2.DefaultHttp2RemoteFlowController$FlowState.clear(DefaultHttp2RemoteFlowController.java:431)
	at io.netty.handler.codec.http2.DefaultHttp2RemoteFlowController$2.streamInactive(DefaultHttp2RemoteFlowController.java:78)
	at io.netty.handler.codec.http2.DefaultHttp2Connection.deactivateInternal(DefaultHttp2Connection.java:222)
	at io.netty.handler.codec.http2.DefaultHttp2Connection.access$700(DefaultHttp2Connection.java:52)
	at io.netty.handler.codec.http2.DefaultHttp2Connection$DefaultStream.close(DefaultHttp2Connection.java:402)
	at io.netty.handler.codec.http2.Http2ConnectionHandler.closeStream(Http2ConnectionHandler.java:299)
	at io.netty.handler.codec.http2.Http2ConnectionHandler.closeLocalSide(Http2ConnectionHandler.java:265)
	at io.netty.handler.codec.http2.DefaultHttp2ConnectionEncoder.writeHeaders(DefaultHttp2ConnectionEncoder.java:223)
	at io.netty.handler.codec.http2.DefaultHttp2ConnectionEncoder.writeHeaders(DefaultHttp2ConnectionEncoder.java:187)
	at io.grpc.transport.netty.NettyServerHandler.sendResponseHeaders(NettyServerHandler.java:280)
	at io.grpc.transport.netty.NettyServerHandler.write(NettyServerHandler.java:227)
	at io.netty.channel.ChannelHandlerInvokerUtil.invokeWriteNow(ChannelHandlerInvokerUtil.java:158)
	at io.netty.channel.DefaultChannelHandlerInvoker$WriteTask.run(DefaultChannelHandlerInvoker.java:440)
	at io.netty.util.concurrent.SingleThreadEventExecutor.runAllTasks(SingleThreadEventExecutor.java:322)
	at io.netty.channel.nio.NioEventLoop.run(NioEventLoop.java:356)
	at io.netty.util.concurrent.SingleThreadEventExecutor$4.run(SingleThreadEventExecutor.java:703)
	at java.util.concurrent.ThreadPoolExecutor.runWorker(ThreadPoolExecutor.java:1142)
	at java.util.concurrent.ThreadPoolExecutor$Worker.run(ThreadPoolExecutor.java:617)
	at java.lang.Thread.run(Thread.java:745)

Mar 23, 2015 12:36:41 AM io.grpc.transport.netty.NettyServerHandler onStreamError
WARNING: Stream Error
io.netty.handler.codec.http2.Http2Exception$StreamException: Stream closed before write could take place
	at io.netty.handler.codec.http2.Http2Exception.streamError(Http2Exception.java:88)
	at io.netty.handler.codec.http2.DefaultHttp2RemoteFlowController$FlowState.clear(DefaultHttp2RemoteFlowController.java:431)
	at io.netty.handler.codec.http2.DefaultHttp2RemoteFlowController$2.streamInactive(DefaultHttp2RemoteFlowController.java:78)
	at io.netty.handler.codec.http2.DefaultHttp2Connection.deactivateInternal(DefaultHttp2Connection.java:222)
	at io.netty.handler.codec.http2.DefaultHttp2Connection.access$700(DefaultHttp2Connection.java:52)
	at io.netty.handler.codec.http2.DefaultHttp2Connection$DefaultStream.close(DefaultHttp2Connection.java:402)
	at io.netty.handler.codec.http2.Http2ConnectionHandler.closeStream(Http2ConnectionHandler.java:299)
	at io.netty.handler.codec.http2.Http2ConnectionHandler.closeLocalSide(Http2ConnectionHandler.java:265)
	at io.netty.handler.codec.http2.DefaultHttp2ConnectionEncoder.writeHeaders(DefaultHttp2ConnectionEncoder.java:223)
	at io.netty.handler.codec.http2.DefaultHttp2ConnectionEncoder.writeHeaders(DefaultHttp2ConnectionEncoder.java:187)
	at io.grpc.transport.netty.NettyServerHandler.sendResponseHeaders(NettyServerHandler.java:280)
	at io.grpc.transport.netty.NettyServerHandler.write(NettyServerHandler.java:227)
	at io.netty.channel.ChannelHandlerInvokerUtil.invokeWriteNow(ChannelHandlerInvokerUtil.java:158)
	at io.netty.channel.DefaultChannelHandlerInvoker$WriteTask.run(DefaultChannelHandlerInvoker.java:440)
	at io.netty.util.concurrent.SingleThreadEventExecutor.runAllTasks(SingleThreadEventExecutor.java:322)
	at io.netty.channel.nio.NioEventLoop.run(NioEventLoop.java:356)
	at io.netty.util.concurrent.SingleThreadEventExecutor$4.run(SingleThreadEventExecutor.java:703)
	at java.util.concurrent.ThreadPoolExecutor.runWorker(ThreadPoolExecutor.java:1142)
	at java.util.concurrent.ThreadPoolExecutor$Worker.run(ThreadPoolExecutor.java:617)
	at java.lang.Thread.run(Thread.java:745)

Mar 23, 2015 12:36:41 AM io.grpc.transport.netty.NettyServerHandler onStreamError
WARNING: Stream Error
io.netty.handler.codec.http2.Http2Exception$StreamException: Stream closed before write could take place
	at io.netty.handler.codec.http2.Http2Exception.streamError(Http2Exception.java:88)
	at io.netty.handler.codec.http2.DefaultHttp2RemoteFlowController$FlowState.clear(DefaultHttp2RemoteFlowController.java:431)
	at io.netty.handler.codec.http2.DefaultHttp2RemoteFlowController$2.streamInactive(DefaultHttp2RemoteFlowController.java:78)
	at io.netty.handler.codec.http2.DefaultHttp2Connection.deactivateInternal(DefaultHttp2Connection.java:222)
	at io.netty.handler.codec.http2.DefaultHttp2Connection.access$700(DefaultHttp2Connection.java:52)
	at io.netty.handler.codec.http2.DefaultHttp2Connection$DefaultStream.close(DefaultHttp2Connection.java:402)
	at io.netty.handler.codec.http2.Http2ConnectionHandler.closeStream(Http2ConnectionHandler.java:299)
	at io.netty.handler.codec.http2.Http2ConnectionHandler.closeLocalSide(Http2ConnectionHandler.java:265)
	at io.netty.handler.codec.http2.DefaultHttp2ConnectionEncoder.writeHeaders(DefaultHttp2ConnectionEncoder.java:223)
	at io.netty.handler.codec.http2.DefaultHttp2ConnectionEncoder.writeHeaders(DefaultHttp2ConnectionEncoder.java:187)
	at io.grpc.transport.netty.NettyServerHandler.sendResponseHeaders(NettyServerHandler.java:280)
	at io.grpc.transport.netty.NettyServerHandler.write(NettyServerHandler.java:227)
	at io.netty.channel.ChannelHandlerInvokerUtil.invokeWriteNow(ChannelHandlerInvokerUtil.java:158)
	at io.netty.channel.DefaultChannelHandlerInvoker$WriteTask.run(DefaultChannelHandlerInvoker.java:440)
	at io.netty.util.concurrent.SingleThreadEventExecutor.runAllTasks(SingleThreadEventExecutor.java:322)
	at io.netty.channel.nio.NioEventLoop.run(NioEventLoop.java:356)
	at io.netty.util.concurrent.SingleThreadEventExecutor$4.run(SingleThreadEventExecutor.java:703)
	at java.util.concurrent.ThreadPoolExecutor.runWorker(ThreadPoolExecutor.java:1142)
	at java.util.concurrent.ThreadPoolExecutor$Worker.run(ThreadPoolExecutor.java:617)
	at java.lang.Thread.run(Thread.java:745)

Mar 23, 2015 12:36:41 AM io.grpc.transport.netty.NettyServerHandler onStreamError
WARNING: Stream Error
io.netty.handler.codec.http2.Http2Exception$StreamException: Stream closed before write could take place
	at io.netty.handler.codec.http2.Http2Exception.streamError(Http2Exception.java:88)
	at io.netty.handler.codec.http2.DefaultHttp2RemoteFlowController$FlowState.clear(DefaultHttp2RemoteFlowController.java:431)
	at io.netty.handler.codec.http2.DefaultHttp2RemoteFlowController$2.streamInactive(DefaultHttp2RemoteFlowController.java:78)
	at io.netty.handler.codec.http2.DefaultHttp2Connection.deactivateInternal(DefaultHttp2Connection.java:222)
	at io.netty.handler.codec.http2.DefaultHttp2Connection.access$700(DefaultHttp2Connection.java:52)
	at io.netty.handler.codec.http2.DefaultHttp2Connection$DefaultStream.close(DefaultHttp2Connection.java:402)
	at io.netty.handler.codec.http2.Http2ConnectionHandler.closeStream(Http2ConnectionHandler.java:299)
	at io.netty.handler.codec.http2.Http2ConnectionHandler.closeLocalSide(Http2ConnectionHandler.java:265)
	at io.netty.handler.codec.http2.DefaultHttp2ConnectionEncoder.writeHeaders(DefaultHttp2ConnectionEncoder.java:223)
	at io.netty.handler.codec.http2.DefaultHttp2ConnectionEncoder.writeHeaders(DefaultHttp2ConnectionEncoder.java:187)
	at io.grpc.transport.netty.NettyServerHandler.sendResponseHeaders(NettyServerHandler.java:280)
	at io.grpc.transport.netty.NettyServerHandler.write(NettyServerHandler.java:227)
	at io.netty.channel.ChannelHandlerInvokerUtil.invokeWriteNow(ChannelHandlerInvokerUtil.java:158)
	at io.netty.channel.DefaultChannelHandlerInvoker$WriteTask.run(DefaultChannelHandlerInvoker.java:440)
	at io.netty.util.concurrent.SingleThreadEventExecutor.runAllTasks(SingleThreadEventExecutor.java:322)
	at io.netty.channel.nio.NioEventLoop.run(NioEventLoop.java:356)
	at io.netty.util.concurrent.SingleThreadEventExecutor$4.run(SingleThreadEventExecutor.java:703)
	at java.util.concurrent.ThreadPoolExecutor.runWorker(ThreadPoolExecutor.java:1142)
	at java.util.concurrent.ThreadPoolExecutor$Worker.run(ThreadPoolExecutor.java:617)
	at java.lang.Thread.run(Thread.java:745)

Mar 23, 2015 12:36:41 AM io.grpc.transport.netty.NettyServerHandler onStreamError
WARNING: Stream Error
io.netty.handler.codec.http2.Http2Exception$StreamException: Stream closed before write could take place
	at io.netty.handler.codec.http2.Http2Exception.streamError(Http2Exception.java:88)
	at io.netty.handler.codec.http2.DefaultHttp2RemoteFlowController$FlowState.clear(DefaultHttp2RemoteFlowController.java:431)
	at io.netty.handler.codec.http2.DefaultHttp2RemoteFlowController$2.streamInactive(DefaultHttp2RemoteFlowController.java:78)
	at io.netty.handler.codec.http2.DefaultHttp2Connection.deactivateInternal(DefaultHttp2Connection.java:222)
	at io.netty.handler.codec.http2.DefaultHttp2Connection.access$700(DefaultHttp2Connection.java:52)
	at io.netty.handler.codec.http2.DefaultHttp2Connection$DefaultStream.close(DefaultHttp2Connection.java:402)
	at io.netty.handler.codec.http2.Http2ConnectionHandler.closeStream(Http2ConnectionHandler.java:299)
	at io.netty.handler.codec.http2.Http2ConnectionHandler.closeLocalSide(Http2ConnectionHandler.java:265)
	at io.netty.handler.codec.http2.DefaultHttp2ConnectionEncoder.writeHeaders(DefaultHttp2ConnectionEncoder.java:223)
	at io.netty.handler.codec.http2.DefaultHttp2ConnectionEncoder.writeHeaders(DefaultHttp2ConnectionEncoder.java:187)
	at io.grpc.transport.netty.NettyServerHandler.sendResponseHeaders(NettyServerHandler.java:280)
	at io.grpc.transport.netty.NettyServerHandler.write(NettyServerHandler.java:227)
	at io.netty.channel.ChannelHandlerInvokerUtil.invokeWriteNow(ChannelHandlerInvokerUtil.java:158)
	at io.netty.channel.DefaultChannelHandlerInvoker$WriteTask.run(DefaultChannelHandlerInvoker.java:440)
	at io.netty.util.concurrent.SingleThreadEventExecutor.runAllTasks(SingleThreadEventExecutor.java:322)
	at io.netty.channel.nio.NioEventLoop.run(NioEventLoop.java:356)
	at io.netty.util.concurrent.SingleThreadEventExecutor$4.run(SingleThreadEventExecutor.java:703)
	at java.util.concurrent.ThreadPoolExecutor.runWorker(ThreadPoolExecutor.java:1142)
	at java.util.concurrent.ThreadPoolExecutor$Worker.run(ThreadPoolExecutor.java:617)
	at java.lang.Thread.run(Thread.java:745)

Mar 23, 2015 12:36:41 AM io.grpc.transport.netty.NettyServerHandler onStreamError
WARNING: Stream Error
io.netty.handler.codec.http2.Http2Exception$StreamException: Stream closed before write could take place
	at io.netty.handler.codec.http2.Http2Exception.streamError(Http2Exception.java:88)
	at io.netty.handler.codec.http2.DefaultHttp2RemoteFlowController$FlowState.clear(DefaultHttp2RemoteFlowController.java:431)
	at io.netty.handler.codec.http2.DefaultHttp2RemoteFlowController$2.streamInactive(DefaultHttp2RemoteFlowController.java:78)
	at io.netty.handler.codec.http2.DefaultHttp2Connection.deactivateInternal(DefaultHttp2Connection.java:222)
	at io.netty.handler.codec.http2.DefaultHttp2Connection.access$700(DefaultHttp2Connection.java:52)
	at io.netty.handler.codec.http2.DefaultHttp2Connection$DefaultStream.close(DefaultHttp2Connection.java:402)
	at io.netty.handler.codec.http2.Http2ConnectionHandler.closeStream(Http2ConnectionHandler.java:299)
	at io.netty.handler.codec.http2.Http2ConnectionHandler.closeLocalSide(Http2ConnectionHandler.java:265)
	at io.netty.handler.codec.http2.DefaultHttp2ConnectionEncoder.writeHeaders(DefaultHttp2ConnectionEncoder.java:223)
	at io.netty.handler.codec.http2.DefaultHttp2ConnectionEncoder.writeHeaders(DefaultHttp2ConnectionEncoder.java:187)
	at io.grpc.transport.netty.NettyServerHandler.sendResponseHeaders(NettyServerHandler.java:280)
	at io.grpc.transport.netty.NettyServerHandler.write(NettyServerHandler.java:227)
	at io.netty.channel.ChannelHandlerInvokerUtil.invokeWriteNow(ChannelHandlerInvokerUtil.java:158)
	at io.netty.channel.DefaultChannelHandlerInvoker$WriteTask.run(DefaultChannelHandlerInvoker.java:440)
	at io.netty.util.concurrent.SingleThreadEventExecutor.runAllTasks(SingleThreadEventExecutor.java:322)
	at io.netty.channel.nio.NioEventLoop.run(NioEventLoop.java:356)
	at io.netty.util.concurrent.SingleThreadEventExecutor$4.run(SingleThreadEventExecutor.java:703)
	at java.util.concurrent.ThreadPoolExecutor.runWorker(ThreadPoolExecutor.java:1142)
	at java.util.concurrent.ThreadPoolExecutor$Worker.run(ThreadPoolExecutor.java:617)
	at java.lang.Thread.run(Thread.java:745)

Mar 23, 2015 12:36:41 AM io.grpc.transport.netty.NettyServerHandler onStreamError
WARNING: Stream Error
io.netty.handler.codec.http2.Http2Exception$StreamException: Stream closed before write could take place
	at io.netty.handler.codec.http2.Http2Exception.streamError(Http2Exception.java:88)
	at io.netty.handler.codec.http2.DefaultHttp2RemoteFlowController$FlowState.clear(DefaultHttp2RemoteFlowController.java:431)
	at io.netty.handler.codec.http2.DefaultHttp2RemoteFlowController$2.streamInactive(DefaultHttp2RemoteFlowController.java:78)
	at io.netty.handler.codec.http2.DefaultHttp2Connection.deactivateInternal(DefaultHttp2Connection.java:222)
	at io.netty.handler.codec.http2.DefaultHttp2Connection.access$700(DefaultHttp2Connection.java:52)
	at io.netty.handler.codec.http2.DefaultHttp2Connection$DefaultStream.close(DefaultHttp2Connection.java:402)
	at io.netty.handler.codec.http2.Http2ConnectionHandler.closeStream(Http2ConnectionHandler.java:299)
	at io.netty.handler.codec.http2.Http2ConnectionHandler.closeLocalSide(Http2ConnectionHandler.java:265)
	at io.netty.handler.codec.http2.DefaultHttp2ConnectionEncoder.writeHeaders(DefaultHttp2ConnectionEncoder.java:223)
	at io.netty.handler.codec.http2.DefaultHttp2ConnectionEncoder.writeHeaders(DefaultHttp2ConnectionEncoder.java:187)
	at io.grpc.transport.netty.NettyServerHandler.sendResponseHeaders(NettyServerHandler.java:280)
	at io.grpc.transport.netty.NettyServerHandler.write(NettyServerHandler.java:227)
	at io.netty.channel.ChannelHandlerInvokerUtil.invokeWriteNow(ChannelHandlerInvokerUtil.java:158)
	at io.netty.channel.DefaultChannelHandlerInvoker$WriteTask.run(DefaultChannelHandlerInvoker.java:440)
	at io.netty.util.concurrent.SingleThreadEventExecutor.runAllTasks(SingleThreadEventExecutor.java:322)
	at io.netty.channel.nio.NioEventLoop.run(NioEventLoop.java:356)
	at io.netty.util.concurrent.SingleThreadEventExecutor$4.run(SingleThreadEventExecutor.java:703)
	at java.util.concurrent.ThreadPoolExecutor.runWorker(ThreadPoolExecutor.java:1142)
	at java.util.concurrent.ThreadPoolExecutor$Worker.run(ThreadPoolExecutor.java:617)
	at java.lang.Thread.run(Thread.java:745)

Mar 23, 2015 12:36:41 AM io.grpc.transport.netty.NettyServerHandler onStreamError
WARNING: Stream Error
io.netty.handler.codec.http2.Http2Exception$StreamException: Stream closed before write could take place
	at io.netty.handler.codec.http2.Http2Exception.streamError(Http2Exception.java:88)
	at io.netty.handler.codec.http2.DefaultHttp2RemoteFlowController$FlowState.clear(DefaultHttp2RemoteFlowController.java:431)
	at io.netty.handler.codec.http2.DefaultHttp2RemoteFlowController$2.streamInactive(DefaultHttp2RemoteFlowController.java:78)
	at io.netty.handler.codec.http2.DefaultHttp2Connection.deactivateInternal(DefaultHttp2Connection.java:222)
	at io.netty.handler.codec.http2.DefaultHttp2Connection.access$700(DefaultHttp2Connection.java:52)
	at io.netty.handler.codec.http2.DefaultHttp2Connection$DefaultStream.close(DefaultHttp2Connection.java:402)
	at io.netty.handler.codec.http2.Http2ConnectionHandler.closeStream(Http2ConnectionHandler.java:299)
	at io.netty.handler.codec.http2.Http2ConnectionHandler.closeLocalSide(Http2ConnectionHandler.java:265)
	at io.netty.handler.codec.http2.DefaultHttp2ConnectionEncoder.writeHeaders(DefaultHttp2ConnectionEncoder.java:223)
	at io.netty.handler.codec.http2.DefaultHttp2ConnectionEncoder.writeHeaders(DefaultHttp2ConnectionEncoder.java:187)
	at io.grpc.transport.netty.NettyServerHandler.sendResponseHeaders(NettyServerHandler.java:280)
	at io.grpc.transport.netty.NettyServerHandler.write(NettyServerHandler.java:227)
	at io.netty.channel.ChannelHandlerInvokerUtil.invokeWriteNow(ChannelHandlerInvokerUtil.java:158)
	at io.netty.channel.DefaultChannelHandlerInvoker$WriteTask.run(DefaultChannelHandlerInvoker.java:440)
	at io.netty.util.concurrent.SingleThreadEventExecutor.runAllTasks(SingleThreadEventExecutor.java:322)
	at io.netty.channel.nio.NioEventLoop.run(NioEventLoop.java:356)
	at io.netty.util.concurrent.SingleThreadEventExecutor$4.run(SingleThreadEventExecutor.java:703)
	at java.util.concurrent.ThreadPoolExecutor.runWorker(ThreadPoolExecutor.java:1142)
	at java.util.concurrent.ThreadPoolExecutor$Worker.run(ThreadPoolExecutor.java:617)
	at java.lang.Thread.run(Thread.java:745)

Mar 23, 2015 12:36:41 AM io.grpc.transport.netty.NettyServerHandler onStreamError
WARNING: Stream Error
io.netty.handler.codec.http2.Http2Exception$StreamException: Stream closed before write could take place
	at io.netty.handler.codec.http2.Http2Exception.streamError(Http2Exception.java:88)
	at io.netty.handler.codec.http2.DefaultHttp2RemoteFlowController$FlowState.clear(DefaultHttp2RemoteFlowController.java:431)
	at io.netty.handler.codec.http2.DefaultHttp2RemoteFlowController$2.streamInactive(DefaultHttp2RemoteFlowController.java:78)
	at io.netty.handler.codec.http2.DefaultHttp2Connection.deactivateInternal(DefaultHttp2Connection.java:222)
	at io.netty.handler.codec.http2.DefaultHttp2Connection.access$700(DefaultHttp2Connection.java:52)
	at io.netty.handler.codec.http2.DefaultHttp2Connection$DefaultStream.close(DefaultHttp2Connection.java:402)
	at io.netty.handler.codec.http2.Http2ConnectionHandler.closeStream(Http2ConnectionHandler.java:299)
	at io.netty.handler.codec.http2.Http2ConnectionHandler.closeLocalSide(Http2ConnectionHandler.java:265)
	at io.netty.handler.codec.http2.DefaultHttp2ConnectionEncoder.writeHeaders(DefaultHttp2ConnectionEncoder.java:223)
	at io.netty.handler.codec.http2.DefaultHttp2ConnectionEncoder.writeHeaders(DefaultHttp2ConnectionEncoder.java:187)
	at io.grpc.transport.netty.NettyServerHandler.sendResponseHeaders(NettyServerHandler.java:280)
	at io.grpc.transport.netty.NettyServerHandler.write(NettyServerHandler.java:227)
	at io.netty.channel.ChannelHandlerInvokerUtil.invokeWriteNow(ChannelHandlerInvokerUtil.java:158)
	at io.netty.channel.DefaultChannelHandlerInvoker$WriteTask.run(DefaultChannelHandlerInvoker.java:440)
	at io.netty.util.concurrent.SingleThreadEventExecutor.runAllTasks(SingleThreadEventExecutor.java:322)
	at io.netty.channel.nio.NioEventLoop.run(NioEventLoop.java:356)
	at io.netty.util.concurrent.SingleThreadEventExecutor$4.run(SingleThreadEventExecutor.java:703)
	at java.util.concurrent.ThreadPoolExecutor.runWorker(ThreadPoolExecutor.java:1142)
	at java.util.concurrent.ThreadPoolExecutor$Worker.run(ThreadPoolExecutor.java:617)
	at java.lang.Thread.run(Thread.java:745)

Mar 23, 2015 12:36:41 AM io.grpc.transport.netty.NettyServerHandler onStreamError
WARNING: Stream Error
io.netty.handler.codec.http2.Http2Exception$StreamException: Stream closed before write could take place
	at io.netty.handler.codec.http2.Http2Exception.streamError(Http2Exception.java:88)
	at io.netty.handler.codec.http2.DefaultHttp2RemoteFlowController$FlowState.clear(DefaultHttp2RemoteFlowController.java:431)
	at io.netty.handler.codec.http2.DefaultHttp2RemoteFlowController$2.streamInactive(DefaultHttp2RemoteFlowController.java:78)
	at io.netty.handler.codec.http2.DefaultHttp2Connection.deactivateInternal(DefaultHttp2Connection.java:222)
	at io.netty.handler.codec.http2.DefaultHttp2Connection.access$700(DefaultHttp2Connection.java:52)
	at io.netty.handler.codec.http2.DefaultHttp2Connection$DefaultStream.close(DefaultHttp2Connection.java:402)
	at io.netty.handler.codec.http2.Http2ConnectionHandler.closeStream(Http2ConnectionHandler.java:299)
	at io.netty.handler.codec.http2.Http2ConnectionHandler.closeLocalSide(Http2ConnectionHandler.java:265)
	at io.netty.handler.codec.http2.DefaultHttp2ConnectionEncoder.writeHeaders(DefaultHttp2ConnectionEncoder.java:223)
	at io.netty.handler.codec.http2.DefaultHttp2ConnectionEncoder.writeHeaders(DefaultHttp2ConnectionEncoder.java:187)
	at io.grpc.transport.netty.NettyServerHandler.sendResponseHeaders(NettyServerHandler.java:280)
	at io.grpc.transport.netty.NettyServerHandler.write(NettyServerHandler.java:227)
	at io.netty.channel.ChannelHandlerInvokerUtil.invokeWriteNow(ChannelHandlerInvokerUtil.java:158)
	at io.netty.channel.DefaultChannelHandlerInvoker$WriteTask.run(DefaultChannelHandlerInvoker.java:440)
	at io.netty.util.concurrent.SingleThreadEventExecutor.runAllTasks(SingleThreadEventExecutor.java:322)
	at io.netty.channel.nio.NioEventLoop.run(NioEventLoop.java:356)
	at io.netty.util.concurrent.SingleThreadEventExecutor$4.run(SingleThreadEventExecutor.java:703)
	at java.util.concurrent.ThreadPoolExecutor.runWorker(ThreadPoolExecutor.java:1142)
	at java.util.concurrent.ThreadPoolExecutor$Worker.run(ThreadPoolExecutor.java:617)
	at java.lang.Thread.run(Thread.java:745)

Mar 23, 2015 12:36:41 AM io.grpc.transport.netty.NettyServerHandler onStreamError
WARNING: Stream Error
io.netty.handler.codec.http2.Http2Exception$StreamException: Stream closed before write could take place
	at io.netty.handler.codec.http2.Http2Exception.streamError(Http2Exception.java:88)
	at io.netty.handler.codec.http2.DefaultHttp2RemoteFlowController$FlowState.clear(DefaultHttp2RemoteFlowController.java:431)
	at io.netty.handler.codec.http2.DefaultHttp2RemoteFlowController$2.streamInactive(DefaultHttp2RemoteFlowController.java:78)
	at io.netty.handler.codec.http2.DefaultHttp2Connection.deactivateInternal(DefaultHttp2Connection.java:222)
	at io.netty.handler.codec.http2.DefaultHttp2Connection.access$700(DefaultHttp2Connection.java:52)
	at io.netty.handler.codec.http2.DefaultHttp2Connection$DefaultStream.close(DefaultHttp2Connection.java:402)
	at io.netty.handler.codec.http2.Http2ConnectionHandler.closeStream(Http2ConnectionHandler.java:299)
	at io.netty.handler.codec.http2.Http2ConnectionHandler.closeLocalSide(Http2ConnectionHandler.java:265)
	at io.netty.handler.codec.http2.DefaultHttp2ConnectionEncoder.writeHeaders(DefaultHttp2ConnectionEncoder.java:223)
	at io.netty.handler.codec.http2.DefaultHttp2ConnectionEncoder.writeHeaders(DefaultHttp2ConnectionEncoder.java:187)
	at io.grpc.transport.netty.NettyServerHandler.sendResponseHeaders(NettyServerHandler.java:280)
	at io.grpc.transport.netty.NettyServerHandler.write(NettyServerHandler.java:227)
	at io.netty.channel.ChannelHandlerInvokerUtil.invokeWriteNow(ChannelHandlerInvokerUtil.java:158)
	at io.netty.channel.DefaultChannelHandlerInvoker$WriteTask.run(DefaultChannelHandlerInvoker.java:440)
	at io.netty.util.concurrent.SingleThreadEventExecutor.runAllTasks(SingleThreadEventExecutor.java:322)
	at io.netty.channel.nio.NioEventLoop.run(NioEventLoop.java:356)
	at io.netty.util.concurrent.SingleThreadEventExecutor$4.run(SingleThreadEventExecutor.java:703)
	at java.util.concurrent.ThreadPoolExecutor.runWorker(ThreadPoolExecutor.java:1142)
	at java.util.concurrent.ThreadPoolExecutor$Worker.run(ThreadPoolExecutor.java:617)
	at java.lang.Thread.run(Thread.java:745)

Mar 23, 2015 12:36:41 AM io.grpc.transport.netty.NettyServerHandler onStreamError
WARNING: Stream Error
io.netty.handler.codec.http2.Http2Exception$StreamException: Stream closed before write could take place
	at io.netty.handler.codec.http2.Http2Exception.streamError(Http2Exception.java:88)
	at io.netty.handler.codec.http2.DefaultHttp2RemoteFlowController$FlowState.clear(DefaultHttp2RemoteFlowController.java:431)
	at io.netty.handler.codec.http2.DefaultHttp2RemoteFlowController$2.streamInactive(DefaultHttp2RemoteFlowController.java:78)
	at io.netty.handler.codec.http2.DefaultHttp2Connection.deactivateInternal(DefaultHttp2Connection.java:222)
	at io.netty.handler.codec.http2.DefaultHttp2Connection.access$700(DefaultHttp2Connection.java:52)
	at io.netty.handler.codec.http2.DefaultHttp2Connection$DefaultStream.close(DefaultHttp2Connection.java:402)
	at io.netty.handler.codec.http2.Http2ConnectionHandler.closeStream(Http2ConnectionHandler.java:299)
	at io.netty.handler.codec.http2.Http2ConnectionHandler.closeLocalSide(Http2ConnectionHandler.java:265)
	at io.netty.handler.codec.http2.DefaultHttp2ConnectionEncoder.writeHeaders(DefaultHttp2ConnectionEncoder.java:223)
	at io.netty.handler.codec.http2.DefaultHttp2ConnectionEncoder.writeHeaders(DefaultHttp2ConnectionEncoder.java:187)
	at io.grpc.transport.netty.NettyServerHandler.sendResponseHeaders(NettyServerHandler.java:280)
	at io.grpc.transport.netty.NettyServerHandler.write(NettyServerHandler.java:227)
	at io.netty.channel.ChannelHandlerInvokerUtil.invokeWriteNow(ChannelHandlerInvokerUtil.java:158)
	at io.netty.channel.DefaultChannelHandlerInvoker$WriteTask.run(DefaultChannelHandlerInvoker.java:440)
	at io.netty.util.concurrent.SingleThreadEventExecutor.runAllTasks(SingleThreadEventExecutor.java:322)
	at io.netty.channel.nio.NioEventLoop.run(NioEventLoop.java:356)
	at io.netty.util.concurrent.SingleThreadEventExecutor$4.run(SingleThreadEventExecutor.java:703)
	at java.util.concurrent.ThreadPoolExecutor.runWorker(ThreadPoolExecutor.java:1142)
	at java.util.concurrent.ThreadPoolExecutor$Worker.run(ThreadPoolExecutor.java:617)
	at java.lang.Thread.run(Thread.java:745)

Mar 23, 2015 12:36:41 AM io.grpc.transport.netty.NettyServerHandler onStreamError
WARNING: Stream Error
io.netty.handler.codec.http2.Http2Exception$StreamException: Stream closed before write could take place
	at io.netty.handler.codec.http2.Http2Exception.streamError(Http2Exception.java:88)
	at io.netty.handler.codec.http2.DefaultHttp2RemoteFlowController$FlowState.clear(DefaultHttp2RemoteFlowController.java:431)
	at io.netty.handler.codec.http2.DefaultHttp2RemoteFlowController$2.streamInactive(DefaultHttp2RemoteFlowController.java:78)
	at io.netty.handler.codec.http2.DefaultHttp2Connection.deactivateInternal(DefaultHttp2Connection.java:222)
	at io.netty.handler.codec.http2.DefaultHttp2Connection.access$700(DefaultHttp2Connection.java:52)
	at io.netty.handler.codec.http2.DefaultHttp2Connection$DefaultStream.close(DefaultHttp2Connection.java:402)
	at io.netty.handler.codec.http2.Http2ConnectionHandler.closeStream(Http2ConnectionHandler.java:299)
	at io.netty.handler.codec.http2.Http2ConnectionHandler.closeLocalSide(Http2ConnectionHandler.java:265)
	at io.netty.handler.codec.http2.DefaultHttp2ConnectionEncoder.writeHeaders(DefaultHttp2ConnectionEncoder.java:223)
	at io.netty.handler.codec.http2.DefaultHttp2ConnectionEncoder.writeHeaders(DefaultHttp2ConnectionEncoder.java:187)
	at io.grpc.transport.netty.NettyServerHandler.sendResponseHeaders(NettyServerHandler.java:280)
	at io.grpc.transport.netty.NettyServerHandler.write(NettyServerHandler.java:227)
	at io.netty.channel.ChannelHandlerInvokerUtil.invokeWriteNow(ChannelHandlerInvokerUtil.java:158)
	at io.netty.channel.DefaultChannelHandlerInvoker$WriteTask.run(DefaultChannelHandlerInvoker.java:440)
	at io.netty.util.concurrent.SingleThreadEventExecutor.runAllTasks(SingleThreadEventExecutor.java:322)
	at io.netty.channel.nio.NioEventLoop.run(NioEventLoop.java:356)
	at io.netty.util.concurrent.SingleThreadEventExecutor$4.run(SingleThreadEventExecutor.java:703)
	at java.util.concurrent.ThreadPoolExecutor.runWorker(ThreadPoolExecutor.java:1142)
	at java.util.concurrent.ThreadPoolExecutor$Worker.run(ThreadPoolExecutor.java:617)
	at java.lang.Thread.run(Thread.java:745)

Mar 23, 2015 12:36:41 AM io.grpc.transport.netty.NettyServerHandler onStreamError
WARNING: Stream Error
io.netty.handler.codec.http2.Http2Exception$StreamException: Stream closed before write could take place
	at io.netty.handler.codec.http2.Http2Exception.streamError(Http2Exception.java:88)
	at io.netty.handler.codec.http2.DefaultHttp2RemoteFlowController$FlowState.clear(DefaultHttp2RemoteFlowController.java:431)
	at io.netty.handler.codec.http2.DefaultHttp2RemoteFlowController$2.streamInactive(DefaultHttp2RemoteFlowController.java:78)
	at io.netty.handler.codec.http2.DefaultHttp2Connection.deactivateInternal(DefaultHttp2Connection.java:222)
	at io.netty.handler.codec.http2.DefaultHttp2Connection.access$700(DefaultHttp2Connection.java:52)
	at io.netty.handler.codec.http2.DefaultHttp2Connection$DefaultStream.close(DefaultHttp2Connection.java:402)
	at io.netty.handler.codec.http2.Http2ConnectionHandler.closeStream(Http2ConnectionHandler.java:299)
	at io.netty.handler.codec.http2.Http2ConnectionHandler.closeLocalSide(Http2ConnectionHandler.java:265)
	at io.netty.handler.codec.http2.DefaultHttp2ConnectionEncoder.writeHeaders(DefaultHttp2ConnectionEncoder.java:223)
	at io.netty.handler.codec.http2.DefaultHttp2ConnectionEncoder.writeHeaders(DefaultHttp2ConnectionEncoder.java:187)
	at io.grpc.transport.netty.NettyServerHandler.sendResponseHeaders(NettyServerHandler.java:280)
	at io.grpc.transport.netty.NettyServerHandler.write(NettyServerHandler.java:227)
	at io.netty.channel.ChannelHandlerInvokerUtil.invokeWriteNow(ChannelHandlerInvokerUtil.java:158)
	at io.netty.channel.DefaultChannelHandlerInvoker$WriteTask.run(DefaultChannelHandlerInvoker.java:440)
	at io.netty.util.concurrent.SingleThreadEventExecutor.runAllTasks(SingleThreadEventExecutor.java:322)
	at io.netty.channel.nio.NioEventLoop.run(NioEventLoop.java:356)
	at io.netty.util.concurrent.SingleThreadEventExecutor$4.run(SingleThreadEventExecutor.java:703)
	at java.util.concurrent.ThreadPoolExecutor.runWorker(ThreadPoolExecutor.java:1142)
	at java.util.concurrent.ThreadPoolExecutor$Worker.run(ThreadPoolExecutor.java:617)
	at java.lang.Thread.run(Thread.java:745)

Mar 23, 2015 12:36:55 AM io.grpc.transport.netty.NettyServerHandler onStreamError
WARNING: Stream Error
io.netty.handler.codec.http2.Http2Exception$StreamException: Stream closed before write could take place
	at io.netty.handler.codec.http2.Http2Exception.streamError(Http2Exception.java:88)
	at io.netty.handler.codec.http2.DefaultHttp2RemoteFlowController$FlowState.clear(DefaultHttp2RemoteFlowController.java:431)
	at io.netty.handler.codec.http2.DefaultHttp2RemoteFlowController$2.streamInactive(DefaultHttp2RemoteFlowController.java:78)
	at io.netty.handler.codec.http2.DefaultHttp2Connection.deactivateInternal(DefaultHttp2Connection.java:222)
	at io.netty.handler.codec.http2.DefaultHttp2Connection.access$700(DefaultHttp2Connection.java:52)
	at io.netty.handler.codec.http2.DefaultHttp2Connection$DefaultStream.close(DefaultHttp2Connection.java:402)
	at io.netty.handler.codec.http2.Http2ConnectionHandler.closeStream(Http2ConnectionHandler.java:299)
	at io.netty.handler.codec.http2.Http2ConnectionHandler.closeLocalSide(Http2ConnectionHandler.java:265)
	at io.netty.handler.codec.http2.DefaultHttp2ConnectionEncoder.writeHeaders(DefaultHttp2ConnectionEncoder.java:223)
	at io.netty.handler.codec.http2.DefaultHttp2ConnectionEncoder.writeHeaders(DefaultHttp2ConnectionEncoder.java:187)
	at io.grpc.transport.netty.NettyServerHandler.sendResponseHeaders(NettyServerHandler.java:280)
	at io.grpc.transport.netty.NettyServerHandler.write(NettyServerHandler.java:227)
	at io.netty.channel.ChannelHandlerInvokerUtil.invokeWriteNow(ChannelHandlerInvokerUtil.java:158)
	at io.netty.channel.DefaultChannelHandlerInvoker$WriteTask.run(DefaultChannelHandlerInvoker.java:440)
	at io.netty.util.concurrent.SingleThreadEventExecutor.runAllTasks(SingleThreadEventExecutor.java:322)
	at io.netty.channel.nio.NioEventLoop.run(NioEventLoop.java:356)
	at io.netty.util.concurrent.SingleThreadEventExecutor$4.run(SingleThreadEventExecutor.java:703)
	at java.util.concurrent.ThreadPoolExecutor.runWorker(ThreadPoolExecutor.java:1142)
	at java.util.concurrent.ThreadPoolExecutor$Worker.run(ThreadPoolExecutor.java:617)
	at java.lang.Thread.run(Thread.java:745)

Mar 23, 2015 12:36:55 AM io.grpc.transport.netty.NettyServerHandler onStreamError
WARNING: Stream Error
io.netty.handler.codec.http2.Http2Exception$StreamException: Stream closed before write could take place
	at io.netty.handler.codec.http2.Http2Exception.streamError(Http2Exception.java:88)
	at io.netty.handler.codec.http2.DefaultHttp2RemoteFlowController$FlowState.clear(DefaultHttp2RemoteFlowController.java:431)
	at io.netty.handler.codec.http2.DefaultHttp2RemoteFlowController$2.streamInactive(DefaultHttp2RemoteFlowController.java:78)
	at io.netty.handler.codec.http2.DefaultHttp2Connection.deactivateInternal(DefaultHttp2Connection.java:222)
	at io.netty.handler.codec.http2.DefaultHttp2Connection.access$700(DefaultHttp2Connection.java:52)
	at io.netty.handler.codec.http2.DefaultHttp2Connection$DefaultStream.close(DefaultHttp2Connection.java:402)
	at io.netty.handler.codec.http2.Http2ConnectionHandler.closeStream(Http2ConnectionHandler.java:299)
	at io.netty.handler.codec.http2.Http2ConnectionHandler.closeLocalSide(Http2ConnectionHandler.java:265)
	at io.netty.handler.codec.http2.DefaultHttp2ConnectionEncoder.writeHeaders(DefaultHttp2ConnectionEncoder.java:223)
	at io.netty.handler.codec.http2.DefaultHttp2ConnectionEncoder.writeHeaders(DefaultHttp2ConnectionEncoder.java:187)
	at io.grpc.transport.netty.NettyServerHandler.sendResponseHeaders(NettyServerHandler.java:280)
	at io.grpc.transport.netty.NettyServerHandler.write(NettyServerHandler.java:227)
	at io.netty.channel.ChannelHandlerInvokerUtil.invokeWriteNow(ChannelHandlerInvokerUtil.java:158)
	at io.netty.channel.DefaultChannelHandlerInvoker$WriteTask.run(DefaultChannelHandlerInvoker.java:440)
	at io.netty.util.concurrent.SingleThreadEventExecutor.runAllTasks(SingleThreadEventExecutor.java:322)
	at io.netty.channel.nio.NioEventLoop.run(NioEventLoop.java:356)
	at io.netty.util.concurrent.SingleThreadEventExecutor$4.run(SingleThreadEventExecutor.java:703)
	at java.util.concurrent.ThreadPoolExecutor.runWorker(ThreadPoolExecutor.java:1142)
	at java.util.concurrent.ThreadPoolExecutor$Worker.run(ThreadPoolExecutor.java:617)
	at java.lang.Thread.run(Thread.java:745)

Mar 23, 2015 12:36:55 AM io.grpc.transport.netty.NettyServerHandler onStreamError
WARNING: Stream Error
io.netty.handler.codec.http2.Http2Exception$StreamException: Stream closed before write could take place
	at io.netty.handler.codec.http2.Http2Exception.streamError(Http2Exception.java:88)
	at io.netty.handler.codec.http2.DefaultHttp2RemoteFlowController$FlowState.clear(DefaultHttp2RemoteFlowController.java:431)
	at io.netty.handler.codec.http2.DefaultHttp2RemoteFlowController$2.streamInactive(DefaultHttp2RemoteFlowController.java:78)
	at io.netty.handler.codec.http2.DefaultHttp2Connection.deactivateInternal(DefaultHttp2Connection.java:222)
	at io.netty.handler.codec.http2.DefaultHttp2Connection.access$700(DefaultHttp2Connection.java:52)
	at io.netty.handler.codec.http2.DefaultHttp2Connection$DefaultStream.close(DefaultHttp2Connection.java:402)
	at io.netty.handler.codec.http2.Http2ConnectionHandler.closeStream(Http2ConnectionHandler.java:299)
	at io.netty.handler.codec.http2.Http2ConnectionHandler.closeLocalSide(Http2ConnectionHandler.java:265)
	at io.netty.handler.codec.http2.DefaultHttp2ConnectionEncoder.writeHeaders(DefaultHttp2ConnectionEncoder.java:223)
	at io.netty.handler.codec.http2.DefaultHttp2ConnectionEncoder.writeHeaders(DefaultHttp2ConnectionEncoder.java:187)
	at io.grpc.transport.netty.NettyServerHandler.sendResponseHeaders(NettyServerHandler.java:280)
	at io.grpc.transport.netty.NettyServerHandler.write(NettyServerHandler.java:227)
	at io.netty.channel.ChannelHandlerInvokerUtil.invokeWriteNow(ChannelHandlerInvokerUtil.java:158)
	at io.netty.channel.DefaultChannelHandlerInvoker$WriteTask.run(DefaultChannelHandlerInvoker.java:440)
	at io.netty.util.concurrent.SingleThreadEventExecutor.runAllTasks(SingleThreadEventExecutor.java:322)
	at io.netty.channel.nio.NioEventLoop.run(NioEventLoop.java:356)
	at io.netty.util.concurrent.SingleThreadEventExecutor$4.run(SingleThreadEventExecutor.java:703)
	at java.util.concurrent.ThreadPoolExecutor.runWorker(ThreadPoolExecutor.java:1142)
	at java.util.concurrent.ThreadPoolExecutor$Worker.run(ThreadPoolExecutor.java:617)
	at java.lang.Thread.run(Thread.java:745)

Mar 23, 2015 12:36:55 AM io.grpc.transport.netty.NettyServerHandler onStreamError
WARNING: Stream Error
io.netty.handler.codec.http2.Http2Exception$StreamException: Stream closed before write could take place
	at io.netty.handler.codec.http2.Http2Exception.streamError(Http2Exception.java:88)
	at io.netty.handler.codec.http2.DefaultHttp2RemoteFlowController$FlowState.clear(DefaultHttp2RemoteFlowController.java:431)
	at io.netty.handler.codec.http2.DefaultHttp2RemoteFlowController$2.streamInactive(DefaultHttp2RemoteFlowController.java:78)
	at io.netty.handler.codec.http2.DefaultHttp2Connection.deactivateInternal(DefaultHttp2Connection.java:222)
	at io.netty.handler.codec.http2.DefaultHttp2Connection.access$700(DefaultHttp2Connection.java:52)
	at io.netty.handler.codec.http2.DefaultHttp2Connection$DefaultStream.close(DefaultHttp2Connection.java:402)
	at io.netty.handler.codec.http2.Http2ConnectionHandler.closeStream(Http2ConnectionHandler.java:299)
	at io.netty.handler.codec.http2.Http2ConnectionHandler.closeLocalSide(Http2ConnectionHandler.java:265)
	at io.netty.handler.codec.http2.DefaultHttp2ConnectionEncoder.writeHeaders(DefaultHttp2ConnectionEncoder.java:223)
	at io.netty.handler.codec.http2.DefaultHttp2ConnectionEncoder.writeHeaders(DefaultHttp2ConnectionEncoder.java:187)
	at io.grpc.transport.netty.NettyServerHandler.sendResponseHeaders(NettyServerHandler.java:280)
	at io.grpc.transport.netty.NettyServerHandler.write(NettyServerHandler.java:227)
	at io.netty.channel.ChannelHandlerInvokerUtil.invokeWriteNow(ChannelHandlerInvokerUtil.java:158)
	at io.netty.channel.DefaultChannelHandlerInvoker$WriteTask.run(DefaultChannelHandlerInvoker.java:440)
	at io.netty.util.concurrent.SingleThreadEventExecutor.runAllTasks(SingleThreadEventExecutor.java:322)
	at io.netty.channel.nio.NioEventLoop.run(NioEventLoop.java:356)
	at io.netty.util.concurrent.SingleThreadEventExecutor$4.run(SingleThreadEventExecutor.java:703)
	at java.util.concurrent.ThreadPoolExecutor.runWorker(ThreadPoolExecutor.java:1142)
	at java.util.concurrent.ThreadPoolExecutor$Worker.run(ThreadPoolExecutor.java:617)
	at java.lang.Thread.run(Thread.java:745)

Mar 23, 2015 12:36:55 AM io.grpc.transport.netty.NettyServerHandler onStreamError
WARNING: Stream Error
io.netty.handler.codec.http2.Http2Exception$StreamException: Stream closed before write could take place
	at io.netty.handler.codec.http2.Http2Exception.streamError(Http2Exception.java:88)
	at io.netty.handler.codec.http2.DefaultHttp2RemoteFlowController$FlowState.clear(DefaultHttp2RemoteFlowController.java:431)
	at io.netty.handler.codec.http2.DefaultHttp2RemoteFlowController$2.streamInactive(DefaultHttp2RemoteFlowController.java:78)
	at io.netty.handler.codec.http2.DefaultHttp2Connection.deactivateInternal(DefaultHttp2Connection.java:222)
	at io.netty.handler.codec.http2.DefaultHttp2Connection.access$700(DefaultHttp2Connection.java:52)
	at io.netty.handler.codec.http2.DefaultHttp2Connection$DefaultStream.close(DefaultHttp2Connection.java:402)
	at io.netty.handler.codec.http2.Http2ConnectionHandler.closeStream(Http2ConnectionHandler.java:299)
	at io.netty.handler.codec.http2.Http2ConnectionHandler.closeLocalSide(Http2ConnectionHandler.java:265)
	at io.netty.handler.codec.http2.DefaultHttp2ConnectionEncoder.writeHeaders(DefaultHttp2ConnectionEncoder.java:223)
	at io.netty.handler.codec.http2.DefaultHttp2ConnectionEncoder.writeHeaders(DefaultHttp2ConnectionEncoder.java:187)
	at io.grpc.transport.netty.NettyServerHandler.sendResponseHeaders(NettyServerHandler.java:280)
	at io.grpc.transport.netty.NettyServerHandler.write(NettyServerHandler.java:227)
	at io.netty.channel.ChannelHandlerInvokerUtil.invokeWriteNow(ChannelHandlerInvokerUtil.java:158)
	at io.netty.channel.DefaultChannelHandlerInvoker$WriteTask.run(DefaultChannelHandlerInvoker.java:440)
	at io.netty.util.concurrent.SingleThreadEventExecutor.runAllTasks(SingleThreadEventExecutor.java:322)
	at io.netty.channel.nio.NioEventLoop.run(NioEventLoop.java:356)
	at io.netty.util.concurrent.SingleThreadEventExecutor$4.run(SingleThreadEventExecutor.java:703)
	at java.util.concurrent.ThreadPoolExecutor.runWorker(ThreadPoolExecutor.java:1142)
	at java.util.concurrent.ThreadPoolExecutor$Worker.run(ThreadPoolExecutor.java:617)
	at java.lang.Thread.run(Thread.java:745)

Mar 23, 2015 12:36:55 AM io.grpc.transport.netty.NettyServerHandler onStreamError
WARNING: Stream Error
io.netty.handler.codec.http2.Http2Exception$StreamException: Stream closed before write could take place
	at io.netty.handler.codec.http2.Http2Exception.streamError(Http2Exception.java:88)
	at io.netty.handler.codec.http2.DefaultHttp2RemoteFlowController$FlowState.clear(DefaultHttp2RemoteFlowController.java:431)
	at io.netty.handler.codec.http2.DefaultHttp2RemoteFlowController$2.streamInactive(DefaultHttp2RemoteFlowController.java:78)
	at io.netty.handler.codec.http2.DefaultHttp2Connection.deactivateInternal(DefaultHttp2Connection.java:222)
	at io.netty.handler.codec.http2.DefaultHttp2Connection.access$700(DefaultHttp2Connection.java:52)
	at io.netty.handler.codec.http2.DefaultHttp2Connection$DefaultStream.close(DefaultHttp2Connection.java:402)
	at io.netty.handler.codec.http2.Http2ConnectionHandler.closeStream(Http2ConnectionHandler.java:299)
	at io.netty.handler.codec.http2.Http2ConnectionHandler.closeLocalSide(Http2ConnectionHandler.java:265)
	at io.netty.handler.codec.http2.DefaultHttp2ConnectionEncoder.writeHeaders(DefaultHttp2ConnectionEncoder.java:223)
	at io.netty.handler.codec.http2.DefaultHttp2ConnectionEncoder.writeHeaders(DefaultHttp2ConnectionEncoder.java:187)
	at io.grpc.transport.netty.NettyServerHandler.sendResponseHeaders(NettyServerHandler.java:280)
	at io.grpc.transport.netty.NettyServerHandler.write(NettyServerHandler.java:227)
	at io.netty.channel.ChannelHandlerInvokerUtil.invokeWriteNow(ChannelHandlerInvokerUtil.java:158)
	at io.netty.channel.DefaultChannelHandlerInvoker$WriteTask.run(DefaultChannelHandlerInvoker.java:440)
	at io.netty.util.concurrent.SingleThreadEventExecutor.runAllTasks(SingleThreadEventExecutor.java:322)
	at io.netty.channel.nio.NioEventLoop.run(NioEventLoop.java:356)
	at io.netty.util.concurrent.SingleThreadEventExecutor$4.run(SingleThreadEventExecutor.java:703)
	at java.util.concurrent.ThreadPoolExecutor.runWorker(ThreadPoolExecutor.java:1142)
	at java.util.concurrent.ThreadPoolExecutor$Worker.run(ThreadPoolExecutor.java:617)
	at java.lang.Thread.run(Thread.java:745)

Mar 23, 2015 12:36:55 AM io.grpc.transport.netty.NettyServerHandler onStreamError
WARNING: Stream Error
io.netty.handler.codec.http2.Http2Exception$StreamException: Stream closed before write could take place
	at io.netty.handler.codec.http2.Http2Exception.streamError(Http2Exception.java:88)
	at io.netty.handler.codec.http2.DefaultHttp2RemoteFlowController$FlowState.clear(DefaultHttp2RemoteFlowController.java:431)
	at io.netty.handler.codec.http2.DefaultHttp2RemoteFlowController$2.streamInactive(DefaultHttp2RemoteFlowController.java:78)
	at io.netty.handler.codec.http2.DefaultHttp2Connection.deactivateInternal(DefaultHttp2Connection.java:222)
	at io.netty.handler.codec.http2.DefaultHttp2Connection.access$700(DefaultHttp2Connection.java:52)
	at io.netty.handler.codec.http2.DefaultHttp2Connection$DefaultStream.close(DefaultHttp2Connection.java:402)
	at io.netty.handler.codec.http2.Http2ConnectionHandler.closeStream(Http2ConnectionHandler.java:299)
	at io.netty.handler.codec.http2.Http2ConnectionHandler.closeLocalSide(Http2ConnectionHandler.java:265)
	at io.netty.handler.codec.http2.DefaultHttp2ConnectionEncoder.writeHeaders(DefaultHttp2ConnectionEncoder.java:223)
	at io.netty.handler.codec.http2.DefaultHttp2ConnectionEncoder.writeHeaders(DefaultHttp2ConnectionEncoder.java:187)
	at io.grpc.transport.netty.NettyServerHandler.sendResponseHeaders(NettyServerHandler.java:280)
	at io.grpc.transport.netty.NettyServerHandler.write(NettyServerHandler.java:227)
	at io.netty.channel.ChannelHandlerInvokerUtil.invokeWriteNow(ChannelHandlerInvokerUtil.java:158)
	at io.netty.channel.DefaultChannelHandlerInvoker$WriteTask.run(DefaultChannelHandlerInvoker.java:440)
	at io.netty.util.concurrent.SingleThreadEventExecutor.runAllTasks(SingleThreadEventExecutor.java:322)
	at io.netty.channel.nio.NioEventLoop.run(NioEventLoop.java:356)
	at io.netty.util.concurrent.SingleThreadEventExecutor$4.run(SingleThreadEventExecutor.java:703)
	at java.util.concurrent.ThreadPoolExecutor.runWorker(ThreadPoolExecutor.java:1142)
	at java.util.concurrent.ThreadPoolExecutor$Worker.run(ThreadPoolExecutor.java:617)
	at java.lang.Thread.run(Thread.java:745)

Mar 23, 2015 12:36:55 AM io.grpc.transport.netty.NettyServerHandler onStreamError
WARNING: Stream Error
io.netty.handler.codec.http2.Http2Exception$StreamException: Stream closed before write could take place
	at io.netty.handler.codec.http2.Http2Exception.streamError(Http2Exception.java:88)
	at io.netty.handler.codec.http2.DefaultHttp2RemoteFlowController$FlowState.clear(DefaultHttp2RemoteFlowController.java:431)
	at io.netty.handler.codec.http2.DefaultHttp2RemoteFlowController$2.streamInactive(DefaultHttp2RemoteFlowController.java:78)
	at io.netty.handler.codec.http2.DefaultHttp2Connection.deactivateInternal(DefaultHttp2Connection.java:222)
	at io.netty.handler.codec.http2.DefaultHttp2Connection.access$700(DefaultHttp2Connection.java:52)
	at io.netty.handler.codec.http2.DefaultHttp2Connection$DefaultStream.close(DefaultHttp2Connection.java:402)
	at io.netty.handler.codec.http2.Http2ConnectionHandler.closeStream(Http2ConnectionHandler.java:299)
	at io.netty.handler.codec.http2.Http2ConnectionHandler.closeLocalSide(Http2ConnectionHandler.java:265)
	at io.netty.handler.codec.http2.DefaultHttp2ConnectionEncoder.writeHeaders(DefaultHttp2ConnectionEncoder.java:223)
	at io.netty.handler.codec.http2.DefaultHttp2ConnectionEncoder.writeHeaders(DefaultHttp2ConnectionEncoder.java:187)
	at io.grpc.transport.netty.NettyServerHandler.sendResponseHeaders(NettyServerHandler.java:280)
	at io.grpc.transport.netty.NettyServerHandler.write(NettyServerHandler.java:227)
	at io.netty.channel.ChannelHandlerInvokerUtil.invokeWriteNow(ChannelHandlerInvokerUtil.java:158)
	at io.netty.channel.DefaultChannelHandlerInvoker$WriteTask.run(DefaultChannelHandlerInvoker.java:440)
	at io.netty.util.concurrent.SingleThreadEventExecutor.runAllTasks(SingleThreadEventExecutor.java:322)
	at io.netty.channel.nio.NioEventLoop.run(NioEventLoop.java:356)
	at io.netty.util.concurrent.SingleThreadEventExecutor$4.run(SingleThreadEventExecutor.java:703)
	at java.util.concurrent.ThreadPoolExecutor.runWorker(ThreadPoolExecutor.java:1142)
	at java.util.concurrent.ThreadPoolExecutor$Worker.run(ThreadPoolExecutor.java:617)
	at java.lang.Thread.run(Thread.java:745)

Mar 23, 2015 12:36:55 AM io.grpc.transport.netty.NettyServerHandler onStreamError
WARNING: Stream Error
io.netty.handler.codec.http2.Http2Exception$StreamException: Stream closed before write could take place
	at io.netty.handler.codec.http2.Http2Exception.streamError(Http2Exception.java:88)
	at io.netty.handler.codec.http2.DefaultHttp2RemoteFlowController$FlowState.clear(DefaultHttp2RemoteFlowController.java:431)
	at io.netty.handler.codec.http2.DefaultHttp2RemoteFlowController$2.streamInactive(DefaultHttp2RemoteFlowController.java:78)
	at io.netty.handler.codec.http2.DefaultHttp2Connection.deactivateInternal(DefaultHttp2Connection.java:222)
	at io.netty.handler.codec.http2.DefaultHttp2Connection.access$700(DefaultHttp2Connection.java:52)
	at io.netty.handler.codec.http2.DefaultHttp2Connection$DefaultStream.close(DefaultHttp2Connection.java:402)
	at io.netty.handler.codec.http2.Http2ConnectionHandler.closeStream(Http2ConnectionHandler.java:299)
	at io.netty.handler.codec.http2.Http2ConnectionHandler.closeLocalSide(Http2ConnectionHandler.java:265)
	at io.netty.handler.codec.http2.DefaultHttp2ConnectionEncoder.writeHeaders(DefaultHttp2ConnectionEncoder.java:223)
	at io.netty.handler.codec.http2.DefaultHttp2ConnectionEncoder.writeHeaders(DefaultHttp2ConnectionEncoder.java:187)
	at io.grpc.transport.netty.NettyServerHandler.sendResponseHeaders(NettyServerHandler.java:280)
	at io.grpc.transport.netty.NettyServerHandler.write(NettyServerHandler.java:227)
	at io.netty.channel.ChannelHandlerInvokerUtil.invokeWriteNow(ChannelHandlerInvokerUtil.java:158)
	at io.netty.channel.DefaultChannelHandlerInvoker$WriteTask.run(DefaultChannelHandlerInvoker.java:440)
	at io.netty.util.concurrent.SingleThreadEventExecutor.runAllTasks(SingleThreadEventExecutor.java:322)
	at io.netty.channel.nio.NioEventLoop.run(NioEventLoop.java:356)
	at io.netty.util.concurrent.SingleThreadEventExecutor$4.run(SingleThreadEventExecutor.java:703)
	at java.util.concurrent.ThreadPoolExecutor.runWorker(ThreadPoolExecutor.java:1142)
	at java.util.concurrent.ThreadPoolExecutor$Worker.run(ThreadPoolExecutor.java:617)
	at java.lang.Thread.run(Thread.java:745)

Mar 23, 2015 12:36:55 AM io.grpc.transport.netty.NettyServerHandler onStreamError
WARNING: Stream Error
io.netty.handler.codec.http2.Http2Exception$StreamException: Stream closed before write could take place
	at io.netty.handler.codec.http2.Http2Exception.streamError(Http2Exception.java:88)
	at io.netty.handler.codec.http2.DefaultHttp2RemoteFlowController$FlowState.clear(DefaultHttp2RemoteFlowController.java:431)
	at io.netty.handler.codec.http2.DefaultHttp2RemoteFlowController$2.streamInactive(DefaultHttp2RemoteFlowController.java:78)
	at io.netty.handler.codec.http2.DefaultHttp2Connection.deactivateInternal(DefaultHttp2Connection.java:222)
	at io.netty.handler.codec.http2.DefaultHttp2Connection.access$700(DefaultHttp2Connection.java:52)
	at io.netty.handler.codec.http2.DefaultHttp2Connection$DefaultStream.close(DefaultHttp2Connection.java:402)
	at io.netty.handler.codec.http2.Http2ConnectionHandler.closeStream(Http2ConnectionHandler.java:299)
	at io.netty.handler.codec.http2.Http2ConnectionHandler.closeLocalSide(Http2ConnectionHandler.java:265)
	at io.netty.handler.codec.http2.DefaultHttp2ConnectionEncoder.writeHeaders(DefaultHttp2ConnectionEncoder.java:223)
	at io.netty.handler.codec.http2.DefaultHttp2ConnectionEncoder.writeHeaders(DefaultHttp2ConnectionEncoder.java:187)
	at io.grpc.transport.netty.NettyServerHandler.sendResponseHeaders(NettyServerHandler.java:280)
	at io.grpc.transport.netty.NettyServerHandler.write(NettyServerHandler.java:227)
	at io.netty.channel.ChannelHandlerInvokerUtil.invokeWriteNow(ChannelHandlerInvokerUtil.java:158)
	at io.netty.channel.DefaultChannelHandlerInvoker$WriteTask.run(DefaultChannelHandlerInvoker.java:440)
	at io.netty.util.concurrent.SingleThreadEventExecutor.runAllTasks(SingleThreadEventExecutor.java:322)
	at io.netty.channel.nio.NioEventLoop.run(NioEventLoop.java:356)
	at io.netty.util.concurrent.SingleThreadEventExecutor$4.run(SingleThreadEventExecutor.java:703)
	at java.util.concurrent.ThreadPoolExecutor.runWorker(ThreadPoolExecutor.java:1142)
	at java.util.concurrent.ThreadPoolExecutor$Worker.run(ThreadPoolExecutor.java:617)
	at java.lang.Thread.run(Thread.java:745)

Mar 23, 2015 12:36:55 AM io.grpc.transport.netty.NettyServerHandler onStreamError
WARNING: Stream Error
io.netty.handler.codec.http2.Http2Exception$StreamException: Stream closed before write could take place
	at io.netty.handler.codec.http2.Http2Exception.streamError(Http2Exception.java:88)
	at io.netty.handler.codec.http2.DefaultHttp2RemoteFlowController$FlowState.clear(DefaultHttp2RemoteFlowController.java:431)
	at io.netty.handler.codec.http2.DefaultHttp2RemoteFlowController$2.streamInactive(DefaultHttp2RemoteFlowController.java:78)
	at io.netty.handler.codec.http2.DefaultHttp2Connection.deactivateInternal(DefaultHttp2Connection.java:222)
	at io.netty.handler.codec.http2.DefaultHttp2Connection.access$700(DefaultHttp2Connection.java:52)
	at io.netty.handler.codec.http2.DefaultHttp2Connection$DefaultStream.close(DefaultHttp2Connection.java:402)
	at io.netty.handler.codec.http2.Http2ConnectionHandler.closeStream(Http2ConnectionHandler.java:299)
	at io.netty.handler.codec.http2.Http2ConnectionHandler.closeLocalSide(Http2ConnectionHandler.java:265)
	at io.netty.handler.codec.http2.DefaultHttp2ConnectionEncoder.writeHeaders(DefaultHttp2ConnectionEncoder.java:223)
	at io.netty.handler.codec.http2.DefaultHttp2ConnectionEncoder.writeHeaders(DefaultHttp2ConnectionEncoder.java:187)
	at io.grpc.transport.netty.NettyServerHandler.sendResponseHeaders(NettyServerHandler.java:280)
	at io.grpc.transport.netty.NettyServerHandler.write(NettyServerHandler.java:227)
	at io.netty.channel.ChannelHandlerInvokerUtil.invokeWriteNow(ChannelHandlerInvokerUtil.java:158)
	at io.netty.channel.DefaultChannelHandlerInvoker$WriteTask.run(DefaultChannelHandlerInvoker.java:440)
	at io.netty.util.concurrent.SingleThreadEventExecutor.runAllTasks(SingleThreadEventExecutor.java:322)
	at io.netty.channel.nio.NioEventLoop.run(NioEventLoop.java:356)
	at io.netty.util.concurrent.SingleThreadEventExecutor$4.run(SingleThreadEventExecutor.java:703)
	at java.util.concurrent.ThreadPoolExecutor.runWorker(ThreadPoolExecutor.java:1142)
	at java.util.concurrent.ThreadPoolExecutor$Worker.run(ThreadPoolExecutor.java:617)
	at java.lang.Thread.run(Thread.java:745)

Mar 23, 2015 12:36:55 AM io.grpc.transport.netty.NettyServerHandler onStreamError
WARNING: Stream Error
io.netty.handler.codec.http2.Http2Exception$StreamException: Stream closed before write could take place
	at io.netty.handler.codec.http2.Http2Exception.streamError(Http2Exception.java:88)
	at io.netty.handler.codec.http2.DefaultHttp2RemoteFlowController$FlowState.clear(DefaultHttp2RemoteFlowController.java:431)
	at io.netty.handler.codec.http2.DefaultHttp2RemoteFlowController$2.streamInactive(DefaultHttp2RemoteFlowController.java:78)
	at io.netty.handler.codec.http2.DefaultHttp2Connection.deactivateInternal(DefaultHttp2Connection.java:222)
	at io.netty.handler.codec.http2.DefaultHttp2Connection.access$700(DefaultHttp2Connection.java:52)
	at io.netty.handler.codec.http2.DefaultHttp2Connection$DefaultStream.close(DefaultHttp2Connection.java:402)
	at io.netty.handler.codec.http2.Http2ConnectionHandler.closeStream(Http2ConnectionHandler.java:299)
	at io.netty.handler.codec.http2.Http2ConnectionHandler.closeLocalSide(Http2ConnectionHandler.java:265)
	at io.netty.handler.codec.http2.DefaultHttp2ConnectionEncoder.writeHeaders(DefaultHttp2ConnectionEncoder.java:223)
	at io.netty.handler.codec.http2.DefaultHttp2ConnectionEncoder.writeHeaders(DefaultHttp2ConnectionEncoder.java:187)
	at io.grpc.transport.netty.NettyServerHandler.sendResponseHeaders(NettyServerHandler.java:280)
	at io.grpc.transport.netty.NettyServerHandler.write(NettyServerHandler.java:227)
	at io.netty.channel.ChannelHandlerInvokerUtil.invokeWriteNow(ChannelHandlerInvokerUtil.java:158)
	at io.netty.channel.DefaultChannelHandlerInvoker$WriteTask.run(DefaultChannelHandlerInvoker.java:440)
	at io.netty.util.concurrent.SingleThreadEventExecutor.runAllTasks(SingleThreadEventExecutor.java:322)
	at io.netty.channel.nio.NioEventLoop.run(NioEventLoop.java:356)
	at io.netty.util.concurrent.SingleThreadEventExecutor$4.run(SingleThreadEventExecutor.java:703)
	at java.util.concurrent.ThreadPoolExecutor.runWorker(ThreadPoolExecutor.java:1142)
	at java.util.concurrent.ThreadPoolExecutor$Worker.run(ThreadPoolExecutor.java:617)
	at java.lang.Thread.run(Thread.java:745)

Mar 23, 2015 12:36:55 AM io.grpc.transport.netty.NettyServerHandler onStreamError
WARNING: Stream Error
io.netty.handler.codec.http2.Http2Exception$StreamException: Stream closed before write could take place
	at io.netty.handler.codec.http2.Http2Exception.streamError(Http2Exception.java:88)
	at io.netty.handler.codec.http2.DefaultHttp2RemoteFlowController$FlowState.clear(DefaultHttp2RemoteFlowController.java:431)
	at io.netty.handler.codec.http2.DefaultHttp2RemoteFlowController$2.streamInactive(DefaultHttp2RemoteFlowController.java:78)
	at io.netty.handler.codec.http2.DefaultHttp2Connection.deactivateInternal(DefaultHttp2Connection.java:222)
	at io.netty.handler.codec.http2.DefaultHttp2Connection.access$700(DefaultHttp2Connection.java:52)
	at io.netty.handler.codec.http2.DefaultHttp2Connection$DefaultStream.close(DefaultHttp2Connection.java:402)
	at io.netty.handler.codec.http2.Http2ConnectionHandler.closeStream(Http2ConnectionHandler.java:299)
	at io.netty.handler.codec.http2.Http2ConnectionHandler.closeLocalSide(Http2ConnectionHandler.java:265)
	at io.netty.handler.codec.http2.DefaultHttp2ConnectionEncoder.writeHeaders(DefaultHttp2ConnectionEncoder.java:223)
	at io.netty.handler.codec.http2.DefaultHttp2ConnectionEncoder.writeHeaders(DefaultHttp2ConnectionEncoder.java:187)
	at io.grpc.transport.netty.NettyServerHandler.sendResponseHeaders(NettyServerHandler.java:280)
	at io.grpc.transport.netty.NettyServerHandler.write(NettyServerHandler.java:227)
	at io.netty.channel.ChannelHandlerInvokerUtil.invokeWriteNow(ChannelHandlerInvokerUtil.java:158)
	at io.netty.channel.DefaultChannelHandlerInvoker$WriteTask.run(DefaultChannelHandlerInvoker.java:440)
	at io.netty.util.concurrent.SingleThreadEventExecutor.runAllTasks(SingleThreadEventExecutor.java:322)
	at io.netty.channel.nio.NioEventLoop.run(NioEventLoop.java:356)
	at io.netty.util.concurrent.SingleThreadEventExecutor$4.run(SingleThreadEventExecutor.java:703)
	at java.util.concurrent.ThreadPoolExecutor.runWorker(ThreadPoolExecutor.java:1142)
	at java.util.concurrent.ThreadPoolExecutor$Worker.run(ThreadPoolExecutor.java:617)
	at java.lang.Thread.run(Thread.java:745)

Mar 23, 2015 12:36:55 AM io.grpc.transport.netty.NettyServerHandler onStreamError
WARNING: Stream Error
io.netty.handler.codec.http2.Http2Exception$StreamException: Stream closed before write could take place
	at io.netty.handler.codec.http2.Http2Exception.streamError(Http2Exception.java:88)
	at io.netty.handler.codec.http2.DefaultHttp2RemoteFlowController$FlowState.clear(DefaultHttp2RemoteFlowController.java:431)
	at io.netty.handler.codec.http2.DefaultHttp2RemoteFlowController$2.streamInactive(DefaultHttp2RemoteFlowController.java:78)
	at io.netty.handler.codec.http2.DefaultHttp2Connection.deactivateInternal(DefaultHttp2Connection.java:222)
	at io.netty.handler.codec.http2.DefaultHttp2Connection.access$700(DefaultHttp2Connection.java:52)
	at io.netty.handler.codec.http2.DefaultHttp2Connection$DefaultStream.close(DefaultHttp2Connection.java:402)
	at io.netty.handler.codec.http2.Http2ConnectionHandler.closeStream(Http2ConnectionHandler.java:299)
	at io.netty.handler.codec.http2.Http2ConnectionHandler.closeLocalSide(Http2ConnectionHandler.java:265)
	at io.netty.handler.codec.http2.DefaultHttp2ConnectionEncoder.writeHeaders(DefaultHttp2ConnectionEncoder.java:223)
	at io.netty.handler.codec.http2.DefaultHttp2ConnectionEncoder.writeHeaders(DefaultHttp2ConnectionEncoder.java:187)
	at io.grpc.transport.netty.NettyServerHandler.sendResponseHeaders(NettyServerHandler.java:280)
	at io.grpc.transport.netty.NettyServerHandler.write(NettyServerHandler.java:227)
	at io.netty.channel.ChannelHandlerInvokerUtil.invokeWriteNow(ChannelHandlerInvokerUtil.java:158)
	at io.netty.channel.DefaultChannelHandlerInvoker$WriteTask.run(DefaultChannelHandlerInvoker.java:440)
	at io.netty.util.concurrent.SingleThreadEventExecutor.runAllTasks(SingleThreadEventExecutor.java:322)
	at io.netty.channel.nio.NioEventLoop.run(NioEventLoop.java:356)
	at io.netty.util.concurrent.SingleThreadEventExecutor$4.run(SingleThreadEventExecutor.java:703)
	at java.util.concurrent.ThreadPoolExecutor.runWorker(ThreadPoolExecutor.java:1142)
	at java.util.concurrent.ThreadPoolExecutor$Worker.run(ThreadPoolExecutor.java:617)
	at java.lang.Thread.run(Thread.java:745)

Mar 23, 2015 12:36:55 AM io.grpc.transport.netty.NettyServerHandler onStreamError
WARNING: Stream Error
io.netty.handler.codec.http2.Http2Exception$StreamException: Stream closed before write could take place
	at io.netty.handler.codec.http2.Http2Exception.streamError(Http2Exception.java:88)
	at io.netty.handler.codec.http2.DefaultHttp2RemoteFlowController$FlowState.clear(DefaultHttp2RemoteFlowController.java:431)
	at io.netty.handler.codec.http2.DefaultHttp2RemoteFlowController$2.streamInactive(DefaultHttp2RemoteFlowController.java:78)
	at io.netty.handler.codec.http2.DefaultHttp2Connection.deactivateInternal(DefaultHttp2Connection.java:222)
	at io.netty.handler.codec.http2.DefaultHttp2Connection.access$700(DefaultHttp2Connection.java:52)
	at io.netty.handler.codec.http2.DefaultHttp2Connection$DefaultStream.close(DefaultHttp2Connection.java:402)
	at io.netty.handler.codec.http2.Http2ConnectionHandler.closeStream(Http2ConnectionHandler.java:299)
	at io.netty.handler.codec.http2.Http2ConnectionHandler.closeLocalSide(Http2ConnectionHandler.java:265)
	at io.netty.handler.codec.http2.DefaultHttp2ConnectionEncoder.writeHeaders(DefaultHttp2ConnectionEncoder.java:223)
	at io.netty.handler.codec.http2.DefaultHttp2ConnectionEncoder.writeHeaders(DefaultHttp2ConnectionEncoder.java:187)
	at io.grpc.transport.netty.NettyServerHandler.sendResponseHeaders(NettyServerHandler.java:280)
	at io.grpc.transport.netty.NettyServerHandler.write(NettyServerHandler.java:227)
	at io.netty.channel.ChannelHandlerInvokerUtil.invokeWriteNow(ChannelHandlerInvokerUtil.java:158)
	at io.netty.channel.DefaultChannelHandlerInvoker$WriteTask.run(DefaultChannelHandlerInvoker.java:440)
	at io.netty.util.concurrent.SingleThreadEventExecutor.runAllTasks(SingleThreadEventExecutor.java:322)
	at io.netty.channel.nio.NioEventLoop.run(NioEventLoop.java:356)
	at io.netty.util.concurrent.SingleThreadEventExecutor$4.run(SingleThreadEventExecutor.java:703)
	at java.util.concurrent.ThreadPoolExecutor.runWorker(ThreadPoolExecutor.java:1142)
	at java.util.concurrent.ThreadPoolExecutor$Worker.run(ThreadPoolExecutor.java:617)
	at java.lang.Thread.run(Thread.java:745)

Mar 23, 2015 12:36:55 AM io.grpc.transport.netty.NettyServerHandler onStreamError
WARNING: Stream Error
io.netty.handler.codec.http2.Http2Exception$StreamException: Stream closed before write could take place
	at io.netty.handler.codec.http2.Http2Exception.streamError(Http2Exception.java:88)
	at io.netty.handler.codec.http2.DefaultHttp2RemoteFlowController$FlowState.clear(DefaultHttp2RemoteFlowController.java:431)
	at io.netty.handler.codec.http2.DefaultHttp2RemoteFlowController$2.streamInactive(DefaultHttp2RemoteFlowController.java:78)
	at io.netty.handler.codec.http2.DefaultHttp2Connection.deactivateInternal(DefaultHttp2Connection.java:222)
	at io.netty.handler.codec.http2.DefaultHttp2Connection.access$700(DefaultHttp2Connection.java:52)
	at io.netty.handler.codec.http2.DefaultHttp2Connection$DefaultStream.close(DefaultHttp2Connection.java:402)
	at io.netty.handler.codec.http2.Http2ConnectionHandler.closeStream(Http2ConnectionHandler.java:299)
	at io.netty.handler.codec.http2.Http2ConnectionHandler.closeLocalSide(Http2ConnectionHandler.java:265)
	at io.netty.handler.codec.http2.DefaultHttp2ConnectionEncoder.writeHeaders(DefaultHttp2ConnectionEncoder.java:223)
	at io.netty.handler.codec.http2.DefaultHttp2ConnectionEncoder.writeHeaders(DefaultHttp2ConnectionEncoder.java:187)
	at io.grpc.transport.netty.NettyServerHandler.sendResponseHeaders(NettyServerHandler.java:280)
	at io.grpc.transport.netty.NettyServerHandler.write(NettyServerHandler.java:227)
	at io.netty.channel.ChannelHandlerInvokerUtil.invokeWriteNow(ChannelHandlerInvokerUtil.java:158)
	at io.netty.channel.DefaultChannelHandlerInvoker$WriteTask.run(DefaultChannelHandlerInvoker.java:440)
	at io.netty.util.concurrent.SingleThreadEventExecutor.runAllTasks(SingleThreadEventExecutor.java:322)
	at io.netty.channel.nio.NioEventLoop.run(NioEventLoop.java:356)
	at io.netty.util.concurrent.SingleThreadEventExecutor$4.run(SingleThreadEventExecutor.java:703)
	at java.util.concurrent.ThreadPoolExecutor.runWorker(ThreadPoolExecutor.java:1142)
	at java.util.concurrent.ThreadPoolExecutor$Worker.run(ThreadPoolExecutor.java:617)
	at java.lang.Thread.run(Thread.java:745)

Mar 23, 2015 12:36:55 AM io.grpc.transport.netty.NettyServerHandler onStreamError
WARNING: Stream Error
io.netty.handler.codec.http2.Http2Exception$StreamException: Stream closed before write could take place
	at io.netty.handler.codec.http2.Http2Exception.streamError(Http2Exception.java:88)
	at io.netty.handler.codec.http2.DefaultHttp2RemoteFlowController$FlowState.clear(DefaultHttp2RemoteFlowController.java:431)
	at io.netty.handler.codec.http2.DefaultHttp2RemoteFlowController$2.streamInactive(DefaultHttp2RemoteFlowController.java:78)
	at io.netty.handler.codec.http2.DefaultHttp2Connection.deactivateInternal(DefaultHttp2Connection.java:222)
	at io.netty.handler.codec.http2.DefaultHttp2Connection.access$700(DefaultHttp2Connection.java:52)
	at io.netty.handler.codec.http2.DefaultHttp2Connection$DefaultStream.close(DefaultHttp2Connection.java:402)
	at io.netty.handler.codec.http2.Http2ConnectionHandler.closeStream(Http2ConnectionHandler.java:299)
	at io.netty.handler.codec.http2.Http2ConnectionHandler.closeLocalSide(Http2ConnectionHandler.java:265)
	at io.netty.handler.codec.http2.DefaultHttp2ConnectionEncoder.writeHeaders(DefaultHttp2ConnectionEncoder.java:223)
[...]
	at io.netty.channel.DefaultChannelHandlerInvoker$WriteTask.run(DefaultChannelHandlerInvoker.java:440)
	at io.netty.util.concurrent.SingleThreadEventExecutor.runAllTasks(SingleThreadEventExecutor.java:322)
	at io.netty.channel.nio.NioEventLoop.run(NioEventLoop.java:356)
	at io.netty.util.concurrent.SingleThreadEventExecutor$4.run(SingleThreadEventExecutor.java:703)
	at java.util.concurrent.ThreadPoolExecutor.runWorker(ThreadPoolExecutor.java:1142)
	at java.util.concurrent.ThreadPoolExecutor$Worker.run(ThreadPoolExecutor.java:617)
	at java.lang.Thread.run(Thread.java:745)

Mar 23, 2015 12:36:56 AM io.grpc.transport.netty.NettyServerHandler onStreamError
WARNING: Stream Error
io.netty.handler.codec.http2.Http2Exception$StreamException: Stream closed before write could take place
	at io.netty.handler.codec.http2.Http2Exception.streamError(Http2Exception.java:88)
	at io.netty.handler.codec.http2.DefaultHttp2RemoteFlowController$FlowState.clear(DefaultHttp2RemoteFlowController.java:431)
	at io.netty.handler.codec.http2.DefaultHttp2RemoteFlowController$2.streamInactive(DefaultHttp2RemoteFlowController.java:78)
	at io.netty.handler.codec.http2.DefaultHttp2Connection.deactivateInternal(DefaultHttp2Connection.java:222)
	at io.netty.handler.codec.http2.DefaultHttp2Connection.access$700(DefaultHttp2Connection.java:52)
	at io.netty.handler.codec.http2.DefaultHttp2Connection$DefaultStream.close(DefaultHttp2Connection.java:402)
	at io.netty.handler.codec.http2.Http2ConnectionHandler.closeStream(Http2ConnectionHandler.java:299)
	at io.netty.handler.codec.http2.Http2ConnectionHandler.closeLocalSide(Http2ConnectionHandler.java:265)
	at io.netty.handler.codec.http2.DefaultHttp2ConnectionEncoder.writeHeaders(DefaultHttp2ConnectionEncoder.java:223)
	at io.netty.handler.codec.http2.DefaultHttp2ConnectionEncoder.writeHeaders(DefaultHttp2ConnectionEncoder.java:187)
	at io.grpc.transport.netty.NettyServerHandler.sendResponseHeaders(NettyServerHandler.java:280)
	at io.grpc.transport.netty.NettyServerHandler.write(NettyServerHandler.java:227)
	at io.netty.channel.ChannelHandlerInvokerUtil.invokeWriteNow(ChannelHandlerInvokerUtil.java:158)
	at io.netty.channel.DefaultChannelHandlerInvoker$WriteTask.run(DefaultChannelHandlerInvoker.java:440)
	at io.netty.util.concurrent.SingleThreadEventExecutor.runAllTasks(SingleThreadEventExecutor.java:322)
	at io.netty.channel.nio.NioEventLoop.run(NioEventLoop.java:356)
	at io.netty.util.concurrent.SingleThreadEventExecutor$4.run(SingleThreadEventExecutor.java:703)
	at java.util.concurrent.ThreadPoolExecutor.runWorker(ThreadPoolExecutor.java:1142)
	at java.util.concurrent.ThreadPoolExecutor$Worker.run(ThreadPoolExecutor.java:617)
	at java.lang.Thread.run(Thread.java:745)

Mar 23, 2015 12:36:56 AM io.grpc.transport.netty.NettyServerHandler onStreamError
WARNING: Stream Error
io.netty.handler.codec.http2.Http2Exception$StreamException: Stream closed before write could take place
	at io.netty.handler.codec.http2.Http2Exception.streamError(Http2Exception.java:88)
	at io.netty.handler.codec.http2.DefaultHttp2RemoteFlowController$FlowState.clear(DefaultHttp2RemoteFlowController.java:431)
	at io.netty.handler.codec.http2.DefaultHttp2RemoteFlowController$2.streamInactive(DefaultHttp2RemoteFlowController.java:78)
	at io.netty.handler.codec.http2.DefaultHttp2Connection.deactivateInternal(DefaultHttp2Connection.java:222)
	at io.netty.handler.codec.http2.DefaultHttp2Connection.access$700(DefaultHttp2Connection.java:52)
	at io.netty.handler.codec.http2.DefaultHttp2Connection$DefaultStream.close(DefaultHttp2Connection.java:402)
	at io.netty.handler.codec.http2.Http2ConnectionHandler.closeStream(Http2ConnectionHandler.java:299)
	at io.netty.handler.codec.http2.Http2ConnectionHandler.closeLocalSide(Http2ConnectionHandler.java:265)
	at io.netty.handler.codec.http2.DefaultHttp2ConnectionEncoder.writeHeaders(DefaultHttp2ConnectionEncoder.java:223)
	at io.netty.handler.codec.http2.DefaultHttp2ConnectionEncoder.writeHeaders(DefaultHttp2ConnectionEncoder.java:187)
	at io.grpc.transport.netty.NettyServerHandler.sendResponseHeaders(NettyServerHandler.java:280)
	at io.grpc.transport.netty.NettyServerHandler.write(NettyServerHandler.java:227)
	at io.netty.channel.ChannelHandlerInvokerUtil.invokeWriteNow(ChannelHandlerInvokerUtil.java:158)
	at io.netty.channel.DefaultChannelHandlerInvoker$WriteTask.run(DefaultChannelHandlerInvoker.java:440)
	at io.netty.util.concurrent.SingleThreadEventExecutor.runAllTasks(SingleThreadEventExecutor.java:322)
	at io.netty.channel.nio.NioEventLoop.run(NioEventLoop.java:356)
	at io.netty.util.concurrent.SingleThreadEventExecutor$4.run(SingleThreadEventExecutor.java:703)
	at java.util.concurrent.ThreadPoolExecutor.runWorker(ThreadPoolExecutor.java:1142)
	at java.util.concurrent.ThreadPoolExecutor$Worker.run(ThreadPoolExecutor.java:617)
	at java.lang.Thread.run(Thread.java:745)

Mar 23, 2015 12:36:56 AM io.grpc.transport.netty.NettyServerHandler onStreamError
WARNING: Stream Error
io.netty.handler.codec.http2.Http2Exception$StreamException: Stream closed before write could take place
	at io.netty.handler.codec.http2.Http2Exception.streamError(Http2Exception.java:88)
	at io.netty.handler.codec.http2.DefaultHttp2RemoteFlowController$FlowState.clear(DefaultHttp2RemoteFlowController.java:431)
	at io.netty.handler.codec.http2.DefaultHttp2RemoteFlowController$2.streamInactive(DefaultHttp2RemoteFlowController.java:78)
	at io.netty.handler.codec.http2.DefaultHttp2Connection.deactivateInternal(DefaultHttp2Connection.java:222)
	at io.netty.handler.codec.http2.DefaultHttp2Connection.access$700(DefaultHttp2Connection.java:52)
	at io.netty.handler.codec.http2.DefaultHttp2Connection$DefaultStream.close(DefaultHttp2Connection.java:402)
	at io.netty.handler.codec.http2.Http2ConnectionHandler.closeStream(Http2ConnectionHandler.java:299)
	at io.netty.handler.codec.http2.Http2ConnectionHandler.closeLocalSide(Http2ConnectionHandler.java:265)
	at io.netty.handler.codec.http2.DefaultHttp2ConnectionEncoder.writeHeaders(DefaultHttp2ConnectionEncoder.java:223)
	at io.netty.handler.codec.http2.DefaultHttp2ConnectionEncoder.writeHeaders(DefaultHttp2ConnectionEncoder.java:187)
	at io.grpc.transport.netty.NettyServerHandler.sendResponseHeaders(NettyServerHandler.java:280)
	at io.grpc.transport.netty.NettyServerHandler.write(NettyServerHandler.java:227)
	at io.netty.channel.ChannelHandlerInvokerUtil.invokeWriteNow(ChannelHandlerInvokerUtil.java:158)
	at io.netty.channel.DefaultChannelHandlerInvoker$WriteTask.run(DefaultChannelHandlerInvoker.java:440)
	at io.netty.util.concurrent.SingleThreadEventExecutor.runAllTasks(SingleThreadEventExecutor.java:322)
	at io.netty.channel.nio.NioEventLoop.run(NioEventLoop.java:356)
	at io.netty.util.concurrent.SingleThreadEventExecutor$4.run(SingleThreadEventExecutor.java:703)
	at java.util.concurrent.ThreadPoolExecutor.runWorker(ThreadPoolExecutor.java:1142)
	at java.util.concurrent.ThreadPoolExecutor$Worker.run(ThreadPoolExecutor.java:617)
	at java.lang.Thread.run(Thread.java:745)

Mar 23, 2015 12:36:56 AM io.grpc.transport.netty.NettyServerHandler onStreamError
WARNING: Stream Error
io.netty.handler.codec.http2.Http2Exception$StreamException: Stream closed before write could take place
	at io.netty.handler.codec.http2.Http2Exception.streamError(Http2Exception.java:88)
	at io.netty.handler.codec.http2.DefaultHttp2RemoteFlowController$FlowState.clear(DefaultHttp2RemoteFlowController.java:431)
	at io.netty.handler.codec.http2.DefaultHttp2RemoteFlowController$2.streamInactive(DefaultHttp2RemoteFlowController.java:78)
	at io.netty.handler.codec.http2.DefaultHttp2Connection.deactivateInternal(DefaultHttp2Connection.java:222)
	at io.netty.handler.codec.http2.DefaultHttp2Connection.access$700(DefaultHttp2Connection.java:52)
	at io.netty.handler.codec.http2.DefaultHttp2Connection$DefaultStream.close(DefaultHttp2Connection.java:402)
	at io.netty.handler.codec.http2.Http2ConnectionHandler.closeStream(Http2ConnectionHandler.java:299)
	at io.netty.handler.codec.http2.Http2ConnectionHandler.closeLocalSide(Http2ConnectionHandler.java:265)
	at io.netty.handler.codec.http2.DefaultHttp2ConnectionEncoder.writeHeaders(DefaultHttp2ConnectionEncoder.java:223)
	at io.netty.handler.codec.http2.DefaultHttp2ConnectionEncoder.writeHeaders(DefaultHttp2ConnectionEncoder.java:187)
	at io.grpc.transport.netty.NettyServerHandler.sendResponseHeaders(NettyServerHandler.java:280)
	at io.grpc.transport.netty.NettyServerHandler.write(NettyServerHandler.java:227)
	at io.netty.channel.ChannelHandlerInvokerUtil.invokeWriteNow(ChannelHandlerInvokerUtil.java:158)
	at io.netty.channel.DefaultChannelHandlerInvoker$WriteTask.run(DefaultChannelHandlerInvoker.java:440)
	at io.netty.util.concurrent.SingleThreadEventExecutor.runAllTasks(SingleThreadEventExecutor.java:322)
	at io.netty.channel.nio.NioEventLoop.run(NioEventLoop.java:356)
	at io.netty.util.concurrent.SingleThreadEventExecutor$4.run(SingleThreadEventExecutor.java:703)
	at java.util.concurrent.ThreadPoolExecutor.runWorker(ThreadPoolExecutor.java:1142)
	at java.util.concurrent.ThreadPoolExecutor$Worker.run(ThreadPoolExecutor.java:617)
	at java.lang.Thread.run(Thread.java:745)

Mar 23, 2015 12:36:56 AM io.grpc.transport.netty.NettyServerHandler onStreamError
WARNING: Stream Error
io.netty.handler.codec.http2.Http2Exception$StreamException: Stream closed before write could take place
	at io.netty.handler.codec.http2.Http2Exception.streamError(Http2Exception.java:88)
	at io.netty.handler.codec.http2.DefaultHttp2RemoteFlowController$FlowState.clear(DefaultHttp2RemoteFlowController.java:431)
	at io.netty.handler.codec.http2.DefaultHttp2RemoteFlowController$2.streamInactive(DefaultHttp2RemoteFlowController.java:78)
	at io.netty.handler.codec.http2.DefaultHttp2Connection.deactivateInternal(DefaultHttp2Connection.java:222)
	at io.netty.handler.codec.http2.DefaultHttp2Connection.access$700(DefaultHttp2Connection.java:52)
	at io.netty.handler.codec.http2.DefaultHttp2Connection$DefaultStream.close(DefaultHttp2Connection.java:402)
	at io.netty.handler.codec.http2.Http2ConnectionHandler.closeStream(Http2ConnectionHandler.java:299)
	at io.netty.handler.codec.http2.Http2ConnectionHandler.closeLocalSide(Http2ConnectionHandler.java:265)
	at io.netty.handler.codec.http2.DefaultHttp2ConnectionEncoder.writeHeaders(DefaultHttp2ConnectionEncoder.java:223)
	at io.netty.handler.codec.http2.DefaultHttp2ConnectionEncoder.writeHeaders(DefaultHttp2ConnectionEncoder.java:187)
	at io.grpc.transport.netty.NettyServerHandler.sendResponseHeaders(NettyServerHandler.java:280)
	at io.grpc.transport.netty.NettyServerHandler.write(NettyServerHandler.java:227)
	at io.netty.channel.ChannelHandlerInvokerUtil.invokeWriteNow(ChannelHandlerInvokerUtil.java:158)
	at io.netty.channel.DefaultChannelHandlerInvoker$WriteTask.run(DefaultChannelHandlerInvoker.java:440)
	at io.netty.util.concurrent.SingleThreadEventExecutor.runAllTasks(SingleThreadEventExecutor.java:322)
	at io.netty.channel.nio.NioEventLoop.run(NioEventLoop.java:356)
	at io.netty.util.concurrent.SingleThreadEventExecutor$4.run(SingleThreadEventExecutor.java:703)
	at java.util.concurrent.ThreadPoolExecutor.runWorker(ThreadPoolExecutor.java:1142)
	at java.util.concurrent.ThreadPoolExecutor$Worker.run(ThreadPoolExecutor.java:617)
	at java.lang.Thread.run(Thread.java:745)

Mar 23, 2015 12:36:56 AM io.grpc.transport.netty.NettyServerHandler onStreamError
WARNING: Stream Error
io.netty.handler.codec.http2.Http2Exception$StreamException: Stream closed before write could take place
	at io.netty.handler.codec.http2.Http2Exception.streamError(Http2Exception.java:88)
	at io.netty.handler.codec.http2.DefaultHttp2RemoteFlowController$FlowState.clear(DefaultHttp2RemoteFlowController.java:431)
	at io.netty.handler.codec.http2.DefaultHttp2RemoteFlowController$2.streamInactive(DefaultHttp2RemoteFlowController.java:78)
	at io.netty.handler.codec.http2.DefaultHttp2Connection.deactivateInternal(DefaultHttp2Connection.java:222)
	at io.netty.handler.codec.http2.DefaultHttp2Connection.access$700(DefaultHttp2Connection.java:52)
	at io.netty.handler.codec.http2.DefaultHttp2Connection$DefaultStream.close(DefaultHttp2Connection.java:402)
	at io.netty.handler.codec.http2.Http2ConnectionHandler.closeStream(Http2ConnectionHandler.java:299)
	at io.netty.handler.codec.http2.Http2ConnectionHandler.closeLocalSide(Http2ConnectionHandler.java:265)
	at io.netty.handler.codec.http2.DefaultHttp2ConnectionEncoder.writeHeaders(DefaultHttp2ConnectionEncoder.java:223)
	at io.netty.handler.codec.http2.DefaultHttp2ConnectionEncoder.writeHeaders(DefaultHttp2ConnectionEncoder.java:187)
	at io.grpc.transport.netty.NettyServerHandler.sendResponseHeaders(NettyServerHandler.java:280)
	at io.grpc.transport.netty.NettyServerHandler.write(NettyServerHandler.java:227)
	at io.netty.channel.ChannelHandlerInvokerUtil.invokeWriteNow(ChannelHandlerInvokerUtil.java:158)
	at io.netty.channel.DefaultChannelHandlerInvoker$WriteTask.run(DefaultChannelHandlerInvoker.java:440)
	at io.netty.util.concurrent.SingleThreadEventExecutor.runAllTasks(SingleThreadEventExecutor.java:322)
	at io.netty.channel.nio.NioEventLoop.run(NioEventLoop.java:356)
	at io.netty.util.concurrent.SingleThreadEventExecutor$4.run(SingleThreadEventExecutor.java:703)
	at java.util.concurrent.ThreadPoolExecutor.runWorker(ThreadPoolExecutor.java:1142)
	at java.util.concurrent.ThreadPoolExecutor$Worker.run(ThreadPoolExecutor.java:617)
	at java.lang.Thread.run(Thread.java:745)

Mar 23, 2015 12:36:56 AM io.grpc.transport.netty.NettyServerHandler onStreamError
WARNING: Stream Error
io.netty.handler.codec.http2.Http2Exception$StreamException: Stream closed before write could take place
	at io.netty.handler.codec.http2.Http2Exception.streamError(Http2Exception.java:88)
	at io.netty.handler.codec.http2.DefaultHttp2RemoteFlowController$FlowState.clear(DefaultHttp2RemoteFlowController.java:431)
	at io.netty.handler.codec.http2.DefaultHttp2RemoteFlowController$2.streamInactive(DefaultHttp2RemoteFlowController.java:78)
	at io.netty.handler.codec.http2.DefaultHttp2Connection.deactivateInternal(DefaultHttp2Connection.java:222)
	at io.netty.handler.codec.http2.DefaultHttp2Connection.access$700(DefaultHttp2Connection.java:52)
	at io.netty.handler.codec.http2.DefaultHttp2Connection$DefaultStream.close(DefaultHttp2Connection.java:402)
	at io.netty.handler.codec.http2.Http2ConnectionHandler.closeStream(Http2ConnectionHandler.java:299)
	at io.netty.handler.codec.http2.Http2ConnectionHandler.closeLocalSide(Http2ConnectionHandler.java:265)
	at io.netty.handler.codec.http2.DefaultHttp2ConnectionEncoder.writeHeaders(DefaultHttp2ConnectionEncoder.java:223)
	at io.netty.handler.codec.http2.DefaultHttp2ConnectionEncoder.writeHeaders(DefaultHttp2ConnectionEncoder.java:187)
	at io.grpc.transport.netty.NettyServerHandler.sendResponseHeaders(NettyServerHandler.java:280)
	at io.grpc.transport.netty.NettyServerHandler.write(NettyServerHandler.java:227)
	at io.netty.channel.ChannelHandlerInvokerUtil.invokeWriteNow(ChannelHandlerInvokerUtil.java:158)
	at io.netty.channel.DefaultChannelHandlerInvoker$WriteTask.run(DefaultChannelHandlerInvoker.java:440)
	at io.netty.util.concurrent.SingleThreadEventExecutor.runAllTasks(SingleThreadEventExecutor.java:322)
	at io.netty.channel.nio.NioEventLoop.run(NioEventLoop.java:356)
	at io.netty.util.concurrent.SingleThreadEventExecutor$4.run(SingleThreadEventExecutor.java:703)
	at java.util.concurrent.ThreadPoolExecutor.runWorker(ThreadPoolExecutor.java:1142)
	at java.util.concurrent.ThreadPoolExecutor$Worker.run(ThreadPoolExecutor.java:617)
	at java.lang.Thread.run(Thread.java:745)

Mar 23, 2015 12:36:56 AM io.grpc.transport.netty.NettyServerHandler onStreamError
WARNING: Stream Error
io.netty.handler.codec.http2.Http2Exception$StreamException: Stream closed before write could take place
	at io.netty.handler.codec.http2.Http2Exception.streamError(Http2Exception.java:88)
	at io.netty.handler.codec.http2.DefaultHttp2RemoteFlowController$FlowState.clear(DefaultHttp2RemoteFlowController.java:431)
	at io.netty.handler.codec.http2.DefaultHttp2RemoteFlowController$2.streamInactive(DefaultHttp2RemoteFlowController.java:78)
	at io.netty.handler.codec.http2.DefaultHttp2Connection.deactivateInternal(DefaultHttp2Connection.java:222)
	at io.netty.handler.codec.http2.DefaultHttp2Connection.access$700(DefaultHttp2Connection.java:52)
	at io.netty.handler.codec.http2.DefaultHttp2Connection$DefaultStream.close(DefaultHttp2Connection.java:402)
	at io.netty.handler.codec.http2.Http2ConnectionHandler.closeStream(Http2ConnectionHandler.java:299)
	at io.netty.handler.codec.http2.Http2ConnectionHandler.closeLocalSide(Http2ConnectionHandler.java:265)
	at io.netty.handler.codec.http2.DefaultHttp2ConnectionEncoder.writeHeaders(DefaultHttp2ConnectionEncoder.java:223)
	at io.netty.handler.codec.http2.DefaultHttp2ConnectionEncoder.writeHeaders(DefaultHttp2ConnectionEncoder.java:187)
	at io.grpc.transport.netty.NettyServerHandler.sendResponseHeaders(NettyServerHandler.java:280)
	at io.grpc.transport.netty.NettyServerHandler.write(NettyServerHandler.java:227)
	at io.netty.channel.ChannelHandlerInvokerUtil.invokeWriteNow(ChannelHandlerInvokerUtil.java:158)
	at io.netty.channel.DefaultChannelHandlerInvoker$WriteTask.run(DefaultChannelHandlerInvoker.java:440)
	at io.netty.util.concurrent.SingleThreadEventExecutor.runAllTasks(SingleThreadEventExecutor.java:322)
	at io.netty.channel.nio.NioEventLoop.run(NioEventLoop.java:356)
	at io.netty.util.concurrent.SingleThreadEventExecutor$4.run(SingleThreadEventExecutor.java:703)
	at java.util.concurrent.ThreadPoolExecutor.runWorker(ThreadPoolExecutor.java:1142)
	at java.util.concurrent.ThreadPoolExecutor$Worker.run(ThreadPoolExecutor.java:617)
	at java.lang.Thread.run(Thread.java:745)

Mar 23, 2015 12:36:56 AM io.grpc.transport.netty.NettyServerHandler onStreamError
WARNING: Stream Error
io.netty.handler.codec.http2.Http2Exception$StreamException: Stream closed before write could take place
	at io.netty.handler.codec.http2.Http2Exception.streamError(Http2Exception.java:88)
	at io.netty.handler.codec.http2.DefaultHttp2RemoteFlowController$FlowState.clear(DefaultHttp2RemoteFlowController.java:431)
	at io.netty.handler.codec.http2.DefaultHttp2RemoteFlowController$2.streamInactive(DefaultHttp2RemoteFlowController.java:78)
	at io.netty.handler.codec.http2.DefaultHttp2Connection.deactivateInternal(DefaultHttp2Connection.java:222)
	at io.netty.handler.codec.http2.DefaultHttp2Connection.access$700(DefaultHttp2Connection.java:52)
	at io.netty.handler.codec.http2.DefaultHttp2Connection$DefaultStream.close(DefaultHttp2Connection.java:402)
	at io.netty.handler.codec.http2.Http2ConnectionHandler.closeStream(Http2ConnectionHandler.java:299)
	at io.netty.handler.codec.http2.Http2ConnectionHandler.closeLocalSide(Http2ConnectionHandler.java:265)
	at io.netty.handler.codec.http2.DefaultHttp2ConnectionEncoder.writeHeaders(DefaultHttp2ConnectionEncoder.java:223)
	at io.netty.handler.codec.http2.DefaultHttp2ConnectionEncoder.writeHeaders(DefaultHttp2ConnectionEncoder.java:187)
	at io.grpc.transport.netty.NettyServerHandler.sendResponseHeaders(NettyServerHandler.java:280)
	at io.grpc.transport.netty.NettyServerHandler.write(NettyServerHandler.java:227)
	at io.netty.channel.ChannelHandlerInvokerUtil.invokeWriteNow(ChannelHandlerInvokerUtil.java:158)
	at io.netty.channel.DefaultChannelHandlerInvoker$WriteTask.run(DefaultChannelHandlerInvoker.java:440)
	at io.netty.util.concurrent.SingleThreadEventExecutor.runAllTasks(SingleThreadEventExecutor.java:322)
	at io.netty.channel.nio.NioEventLoop.run(NioEventLoop.java:356)
	at io.netty.util.concurrent.SingleThreadEventExecutor$4.run(SingleThreadEventExecutor.java:703)
	at java.util.concurrent.ThreadPoolExecutor.runWorker(ThreadPoolExecutor.java:1142)
	at java.util.concurrent.ThreadPoolExecutor$Worker.run(ThreadPoolExecutor.java:617)
	at java.lang.Thread.run(Thread.java:745)

]]></system-err>
</testsuite>
